<?xml version="1.0" encoding="UTF-8"?>
<testsuite xmlns:xsi="http://www.w3.org/2001/XMLSchema-instance" xsi:noNamespaceSchemaLocation="https://maven.apache.org/surefire/maven-surefire-plugin/xsd/surefire-test-report.xsd" version="3.0.2" name="com.example.crud_kr.CrudKrApplicationTests" time="6.903" tests="1" errors="0" skipped="0" failures="0">
  <properties>
[...]
</properties>
  <testcase name="contextLoads" classname="com.example.crud_kr.CrudKrApplicationTests" time="0.462">
    <system-out><![CDATA[18:09:44.918 [main] INFO org.springframework.test.context.support.AnnotationConfigContextLoaderUtils -- Could not detect default configuration classes for test class [com.example.crud_kr.CrudKrApplicationTests]: CrudKrApplicationTests does not declare any static, non-private, non-final, nested classes annotated with @Configuration.
18:09:45.015 [main] INFO org.springframework.boot.test.context.SpringBootTestContextBootstrapper -- Found @SpringBootConfiguration com.example.crud_kr.CrudKrApplication for test class com.example.crud_kr.CrudKrApplicationTests

  .   ____          _            __ _ _
 /\\ / ___'_ __ _ _(_)_ __  __ _ \ \ \ \
( ( )\___ | '_ | '_| | '_ \/ _` | \ \ \ \
 \\/  ___)| |_)| | | | | || (_| |  ) ) ) )
  '  |____| .__|_| |_|_| |_\__, | / / / /
 =========|_|==============|___/=/_/_/_/

 :: Spring Boot ::                (v3.4.1)

2024-12-27T18:09:45.376+05:30 DEBUG 139594 --- [Crud_KR] [kground-preinit] org.jboss.logging                        : Logging Provider: org.jboss.logging.Slf4jLoggerProvider found via system property
2024-12-27T18:09:45.382+05:30 DEBUG 139594 --- [Crud_KR] [kground-preinit] o.h.v.i.xml.config.ValidationXmlParser   : Trying to load META-INF/validation.xml for XML based Validator configuration.
2024-12-27T18:09:45.383+05:30 DEBUG 139594 --- [Crud_KR] [kground-preinit] o.h.v.i.xml.config.ResourceLoaderHelper  : Trying to load META-INF/validation.xml via TCCL
2024-12-27T18:09:45.384+05:30 DEBUG 139594 --- [Crud_KR] [kground-preinit] o.h.v.i.xml.config.ResourceLoaderHelper  : Trying to load META-INF/validation.xml via Hibernate Validator's class loader
2024-12-27T18:09:45.385+05:30 DEBUG 139594 --- [Crud_KR] [kground-preinit] o.h.v.i.xml.config.ValidationXmlParser   : No META-INF/validation.xml found. Using annotation based configuration only.
2024-12-27T18:09:45.389+05:30 DEBUG 139594 --- [Crud_KR] [kground-preinit] o.h.v.i.e.resolver.TraversableResolvers  : Found jakarta.persistence.Persistence on classpath containing 'getPersistenceUtil'. Assuming JPA 2 environment. Trying to instantiate JPA aware TraversableResolver
2024-12-27T18:09:45.390+05:30 DEBUG 139594 --- [Crud_KR] [kground-preinit] o.h.v.i.e.resolver.TraversableResolvers  : Instantiated JPA aware TraversableResolver of type org.hibernate.validator.internal.engine.resolver.JPATraversableResolver.
2024-12-27T18:09:45.409+05:30 DEBUG 139594 --- [Crud_KR] [kground-preinit] .h.v.m.ResourceBundleMessageInterpolator : Loaded expression factory via original TCCL
2024-12-27T18:09:45.413+05:30  INFO 139594 --- [Crud_KR] [           main] c.e.crud_kr.CrudKrApplicationTests       : Starting CrudKrApplicationTests using Java 17.0.13 with PID 139594 (started by anshuman.pandey in /home/anshuman.pandey/adjetterMicroservice/Crud_KR)
2024-12-27T18:09:45.413+05:30 DEBUG 139594 --- [Crud_KR] [           main] c.e.crud_kr.CrudKrApplicationTests       : Running with Spring Boot v3.4.1, Spring v6.2.1
2024-12-27T18:09:45.414+05:30  INFO 139594 --- [Crud_KR] [           main] c.e.crud_kr.CrudKrApplicationTests       : No active profile set, falling back to 1 default profile: "default"
2024-12-27T18:09:45.415+05:30 DEBUG 139594 --- [Crud_KR] [           main] o.s.boot.SpringApplication               : Loading source class com.example.crud_kr.CrudKrApplication
2024-12-27T18:09:45.442+05:30 DEBUG 139594 --- [Crud_KR] [           main] o.s.w.c.s.GenericWebApplicationContext   : Refreshing org.springframework.web.context.support.GenericWebApplicationContext@26f143ed
2024-12-27T18:09:45.458+05:30 DEBUG 139594 --- [Crud_KR] [           main] o.s.b.f.s.DefaultListableBeanFactory     : Creating shared instance of singleton bean 'org.springframework.context.annotation.internalConfigurationAnnotationProcessor'
2024-12-27T18:09:45.470+05:30 DEBUG 139594 --- [Crud_KR] [           main] o.s.b.f.s.DefaultListableBeanFactory     : Creating shared instance of singleton bean 'org.springframework.boot.autoconfigure.internalCachingMetadataReaderFactory'
2024-12-27T18:09:45.473+05:30 DEBUG 139594 --- [Crud_KR] [kground-preinit] .i.e.ValidatorFactoryConfigurationHelper : HV000252: Using org.hibernate.validator.internal.engine.DefaultPropertyNodeNameProvider as property node name provider.
2024-12-27T18:09:45.477+05:30 DEBUG 139594 --- [Crud_KR] [kground-preinit] .i.e.ValidatorFactoryConfigurationHelper : HV000234: Using org.hibernate.validator.messageinterpolation.ResourceBundleMessageInterpolator as ValidatorFactory-scoped message interpolator.
2024-12-27T18:09:45.477+05:30 DEBUG 139594 --- [Crud_KR] [kground-preinit] .i.e.ValidatorFactoryConfigurationHelper : HV000234: Using org.hibernate.validator.internal.engine.resolver.JPATraversableResolver as ValidatorFactory-scoped traversable resolver.
2024-12-27T18:09:45.477+05:30 DEBUG 139594 --- [Crud_KR] [kground-preinit] .i.e.ValidatorFactoryConfigurationHelper : HV000234: Using org.hibernate.validator.internal.util.ExecutableParameterNameProvider as ValidatorFactory-scoped parameter name provider.
2024-12-27T18:09:45.478+05:30 DEBUG 139594 --- [Crud_KR] [kground-preinit] .i.e.ValidatorFactoryConfigurationHelper : HV000234: Using org.hibernate.validator.internal.engine.DefaultClockProvider as ValidatorFactory-scoped clock provider.
2024-12-27T18:09:45.478+05:30 DEBUG 139594 --- [Crud_KR] [kground-preinit] .i.e.ValidatorFactoryConfigurationHelper : HV000234: Using org.hibernate.validator.internal.engine.scripting.DefaultScriptEvaluatorFactory as ValidatorFactory-scoped script evaluator factory.
2024-12-27T18:09:45.504+05:30 DEBUG 139594 --- [Crud_KR] [           main] o.s.c.a.ClassPathBeanDefinitionScanner   : Identified candidate component class: file [/home/anshuman.pandey/adjetterMicroservice/Crud_KR/target/classes/com/example/crud_kr/Configuration/RedisConfig.class]
2024-12-27T18:09:45.505+05:30 DEBUG 139594 --- [Crud_KR] [           main] o.s.c.a.ClassPathBeanDefinitionScanner   : Identified candidate component class: file [/home/anshuman.pandey/adjetterMicroservice/Crud_KR/target/classes/com/example/crud_kr/Configuration/WebConfig.class]
2024-12-27T18:09:45.519+05:30 DEBUG 139594 --- [Crud_KR] [           main] o.s.c.a.ClassPathBeanDefinitionScanner   : Identified candidate component class: file [/home/anshuman.pandey/adjetterMicroservice/Crud_KR/target/classes/com/example/crud_kr/Controller/CustomerController.class]
2024-12-27T18:09:45.520+05:30 DEBUG 139594 --- [Crud_KR] [           main] o.s.c.a.ClassPathBeanDefinitionScanner   : Identified candidate component class: file [/home/anshuman.pandey/adjetterMicroservice/Crud_KR/target/classes/com/example/crud_kr/DTO/CustomerDTO.class]
2024-12-27T18:09:45.522+05:30 DEBUG 139594 --- [Crud_KR] [           main] o.s.c.a.ClassPathBeanDefinitionScanner   : Identified candidate component class: file [/home/anshuman.pandey/adjetterMicroservice/Crud_KR/target/classes/com/example/crud_kr/Exception/ValidationExceptionHandler.class]
2024-12-27T18:09:45.526+05:30 DEBUG 139594 --- [Crud_KR] [           main] o.s.c.a.ClassPathBeanDefinitionScanner   : Ignored because not a concrete top-level class: file [/home/anshuman.pandey/adjetterMicroservice/Crud_KR/target/classes/com/example/crud_kr/Repository/CustomerRepository.class]
2024-12-27T18:09:45.528+05:30 DEBUG 139594 --- [Crud_KR] [           main] o.s.c.a.ClassPathBeanDefinitionScanner   : Identified candidate component class: file [/home/anshuman.pandey/adjetterMicroservice/Crud_KR/target/classes/com/example/crud_kr/Service/CustomerService.class]
2024-12-27T18:09:46.107+05:30  INFO 139594 --- [Crud_KR] [           main] .s.d.r.c.RepositoryConfigurationDelegate : Multiple Spring Data modules found, entering strict repository configuration mode
2024-12-27T18:09:46.109+05:30  INFO 139594 --- [Crud_KR] [           main] .s.d.r.c.RepositoryConfigurationDelegate : Bootstrapping Spring Data JPA repositories in DEFAULT mode.
2024-12-27T18:09:46.117+05:30 DEBUG 139594 --- [Crud_KR] [           main] o.s.b.f.s.DefaultListableBeanFactory     : Creating shared instance of singleton bean 'org.springframework.boot.autoconfigure.AutoConfigurationPackages'
2024-12-27T18:09:46.124+05:30 DEBUG 139594 --- [Crud_KR] [           main] o.s.b.a.AutoConfigurationPackages        : @EnableAutoConfiguration was declared on a class in the package 'com.example.crud_kr'. Automatic @Repository and @Entity scanning is enabled.
2024-12-27T18:09:46.126+05:30 DEBUG 139594 --- [Crud_KR] [           main] .s.d.r.c.RepositoryConfigurationDelegate : Scanning for JPA repositories in packages com.example.crud_kr.
2024-12-27T18:09:46.136+05:30 DEBUG 139594 --- [Crud_KR] [           main] o.s.d.r.c.RepositoryComponentProvider    : Identified candidate component class: file [/home/anshuman.pandey/adjetterMicroservice/Crud_KR/target/classes/com/example/crud_kr/Repository/CustomerRepository.class]
2024-12-27T18:09:46.247+05:30  INFO 139594 --- [Crud_KR] [           main] .s.d.r.c.RepositoryConfigurationDelegate : Finished Spring Data repository scanning in 119 ms. Found 1 JPA repository interface.
2024-12-27T18:09:46.268+05:30  INFO 139594 --- [Crud_KR] [           main] .s.d.r.c.RepositoryConfigurationDelegate : Multiple Spring Data modules found, entering strict repository configuration mode
2024-12-27T18:09:46.269+05:30  INFO 139594 --- [Crud_KR] [           main] .s.d.r.c.RepositoryConfigurationDelegate : Bootstrapping Spring Data Redis repositories in DEFAULT mode.
2024-12-27T18:09:46.279+05:30 DEBUG 139594 --- [Crud_KR] [           main] .s.d.r.c.RepositoryConfigurationDelegate : Scanning for Redis repositories in packages com.example.crud_kr.
2024-12-27T18:09:46.282+05:30 DEBUG 139594 --- [Crud_KR] [           main] o.s.d.r.c.RepositoryComponentProvider    : Identified candidate component class: file [/home/anshuman.pandey/adjetterMicroservice/Crud_KR/target/classes/com/example/crud_kr/Repository/CustomerRepository.class]
2024-12-27T18:09:46.285+05:30  INFO 139594 --- [Crud_KR] [           main] .RepositoryConfigurationExtensionSupport : Spring Data Redis - Could not safely identify store assignment for repository candidate interface com.example.crud_kr.Repository.CustomerRepository; If you want this repository to be a Redis repository, consider annotating your entities with one of these annotations: org.springframework.data.redis.core.RedisHash (preferred), or consider extending one of the following types with your repository: org.springframework.data.keyvalue.repository.KeyValueRepository
2024-12-27T18:09:46.286+05:30  INFO 139594 --- [Crud_KR] [           main] .s.d.r.c.RepositoryConfigurationDelegate : Finished Spring Data repository scanning in 6 ms. Found 0 Redis repository interfaces.
2024-12-27T18:09:46.485+05:30 DEBUG 139594 --- [Crud_KR] [           main] o.s.b.f.s.DefaultListableBeanFactory     : Creating shared instance of singleton bean 'propertySourcesPlaceholderConfigurer'
2024-12-27T18:09:46.491+05:30 DEBUG 139594 --- [Crud_KR] [           main] o.s.b.f.s.DefaultListableBeanFactory     : Creating shared instance of singleton bean 'org.springframework.boot.test.mock.mockito.MockitoPostProcessor'
2024-12-27T18:09:46.492+05:30 DEBUG 139594 --- [Crud_KR] [           main] o.s.b.f.s.DefaultListableBeanFactory     : Creating shared instance of singleton bean 'org.springframework.boot.autoconfigure.cache.CacheAutoConfiguration$CacheManagerEntityManagerFactoryDependsOnPostProcessor'
2024-12-27T18:09:46.493+05:30 DEBUG 139594 --- [Crud_KR] [           main] o.s.b.f.s.DefaultListableBeanFactory     : Creating shared instance of singleton bean 'emBeanDefinitionRegistrarPostProcessor'
2024-12-27T18:09:46.493+05:30 DEBUG 139594 --- [Crud_KR] [           main] o.s.b.f.s.DefaultListableBeanFactory     : Creating shared instance of singleton bean 'org.springframework.boot.sql.init.dependency.DatabaseInitializationDependencyConfigurer$DependsOnDatabaseInitializationPostProcessor'
2024-12-27T18:09:46.537+05:30 DEBUG 139594 --- [Crud_KR] [           main] o.s.b.f.s.DefaultListableBeanFactory     : Creating shared instance of singleton bean 'org.springframework.context.event.internalEventListenerProcessor'
2024-12-27T18:09:46.539+05:30 DEBUG 139594 --- [Crud_KR] [           main] o.s.b.f.s.DefaultListableBeanFactory     : Creating shared instance of singleton bean 'preserveErrorControllerTargetClassPostProcessor'
2024-12-27T18:09:46.540+05:30 DEBUG 139594 --- [Crud_KR] [           main] o.s.b.f.s.DefaultListableBeanFactory     : Creating shared instance of singleton bean 'org.springframework.context.event.internalEventListenerFactory'
2024-12-27T18:09:46.541+05:30 DEBUG 139594 --- [Crud_KR] [           main] o.s.b.f.s.DefaultListableBeanFactory     : Creating shared instance of singleton bean 'org.springframework.transaction.config.internalTransactionalEventListenerFactory'
2024-12-27T18:09:46.544+05:30 DEBUG 139594 --- [Crud_KR] [           main] o.s.b.f.s.DefaultListableBeanFactory     : Creating shared instance of singleton bean 'org.springframework.boot.test.mock.mockito.MockitoPostProcessor$SpyPostProcessor'
2024-12-27T18:09:46.545+05:30 DEBUG 139594 --- [Crud_KR] [           main] o.s.b.f.s.DefaultListableBeanFactory     : Creating shared instance of singleton bean 'org.springframework.context.annotation.internalAutowiredAnnotationProcessor'
2024-12-27T18:09:46.547+05:30 DEBUG 139594 --- [Crud_KR] [           main] o.s.b.f.s.DefaultListableBeanFactory     : Creating shared instance of singleton bean 'org.springframework.context.annotation.internalCommonAnnotationProcessor'
2024-12-27T18:09:46.550+05:30 DEBUG 139594 --- [Crud_KR] [           main] o.s.b.f.s.DefaultListableBeanFactory     : Creating shared instance of singleton bean 'org.springframework.context.annotation.internalPersistenceAnnotationProcessor'
2024-12-27T18:09:46.551+05:30 DEBUG 139594 --- [Crud_KR] [           main] o.s.b.f.s.DefaultListableBeanFactory     : Creating shared instance of singleton bean 'org.springframework.boot.context.properties.ConfigurationPropertiesBindingPostProcessor'
2024-12-27T18:09:46.551+05:30 DEBUG 139594 --- [Crud_KR] [           main] o.s.b.f.s.DefaultListableBeanFactory     : Creating shared instance of singleton bean 'org.springframework.boot.context.internalConfigurationPropertiesBinder'
2024-12-27T18:09:46.553+05:30 DEBUG 139594 --- [Crud_KR] [           main] o.s.b.f.s.DefaultListableBeanFactory     : Creating shared instance of singleton bean 'jdbcConnectionDetailsHikariBeanPostProcessor'
2024-12-27T18:09:46.556+05:30 DEBUG 139594 --- [Crud_KR] [           main] o.s.b.f.s.DefaultListableBeanFactory     : Creating shared instance of singleton bean 'org.springframework.aop.config.internalAutoProxyCreator'
2024-12-27T18:09:46.571+05:30 DEBUG 139594 --- [Crud_KR] [           main] o.s.b.f.s.DefaultListableBeanFactory     : Creating shared instance of singleton bean 'methodValidationPostProcessor'
2024-12-27T18:09:46.573+05:30 DEBUG 139594 --- [Crud_KR] [           main] o.s.b.f.s.DefaultListableBeanFactory     : Autowiring by type from bean name 'methodValidationPostProcessor' via factory method to bean named 'environment'
2024-12-27T18:09:46.581+05:30 DEBUG 139594 --- [Crud_KR] [           main] o.s.b.f.s.DefaultListableBeanFactory     : Creating shared instance of singleton bean 'org.springframework.boot.context.properties.EnableConfigurationPropertiesRegistrar.methodValidationExcludeFilter'
2024-12-27T18:09:46.594+05:30 DEBUG 139594 --- [Crud_KR] [           main] o.s.b.f.s.DefaultListableBeanFactory     : Creating shared instance of singleton bean 'persistenceExceptionTranslationPostProcessor'
2024-12-27T18:09:46.595+05:30 DEBUG 139594 --- [Crud_KR] [           main] o.s.b.f.s.DefaultListableBeanFactory     : Autowiring by type from bean name 'persistenceExceptionTranslationPostProcessor' via factory method to bean named 'environment'
2024-12-27T18:09:46.598+05:30 DEBUG 139594 --- [Crud_KR] [           main] o.s.b.f.s.DefaultListableBeanFactory     : Creating shared instance of singleton bean 'org.springframework.kafka.config.internalKafkaListenerAnnotationProcessor'
2024-12-27T18:09:46.605+05:30 DEBUG 139594 --- [Crud_KR] [           main] o.s.b.f.s.DefaultListableBeanFactory     : Creating shared instance of singleton bean 'webServerFactoryCustomizerBeanPostProcessor'
2024-12-27T18:09:46.606+05:30 DEBUG 139594 --- [Crud_KR] [           main] o.s.b.f.s.DefaultListableBeanFactory     : Creating shared instance of singleton bean 'errorPageRegistrarBeanPostProcessor'
2024-12-27T18:09:46.607+05:30 DEBUG 139594 --- [Crud_KR] [           main] o.s.b.f.s.DefaultListableBeanFactory     : Creating shared instance of singleton bean 'projectingArgumentResolverBeanPostProcessor'
2024-12-27T18:09:46.608+05:30 DEBUG 139594 --- [Crud_KR] [           main] o.s.b.f.s.DefaultListableBeanFactory     : Creating shared instance of singleton bean 'org.springframework.cache.config.internalCacheAdvisor'
2024-12-27T18:09:46.609+05:30 DEBUG 139594 --- [Crud_KR] [           main] o.s.b.f.s.DefaultListableBeanFactory     : Creating shared instance of singleton bean 'org.springframework.cache.annotation.ProxyCachingConfiguration'
2024-12-27T18:09:46.609+05:30 DEBUG 139594 --- [Crud_KR] [           main] o.s.b.f.s.DefaultListableBeanFactory     : Creating shared instance of singleton bean 'org.springframework.transaction.config.internalTransactionAdvisor'
2024-12-27T18:09:46.609+05:30 DEBUG 139594 --- [Crud_KR] [           main] o.s.b.f.s.DefaultListableBeanFactory     : Creating shared instance of singleton bean 'org.springframework.transaction.annotation.ProxyTransactionManagementConfiguration'
2024-12-27T18:09:46.620+05:30 DEBUG 139594 --- [Crud_KR] [           main] o.s.b.f.s.DefaultListableBeanFactory     : Creating shared instance of singleton bean 'transactionAttributeSource'
2024-12-27T18:09:46.622+05:30 DEBUG 139594 --- [Crud_KR] [           main] o.s.b.f.s.DefaultListableBeanFactory     : Creating shared instance of singleton bean 'transactionInterceptor'
2024-12-27T18:09:46.622+05:30 DEBUG 139594 --- [Crud_KR] [           main] o.s.b.f.s.DefaultListableBeanFactory     : Autowiring by type from bean name 'transactionInterceptor' via factory method to bean named 'transactionAttributeSource'
2024-12-27T18:09:46.626+05:30 DEBUG 139594 --- [Crud_KR] [           main] o.s.b.f.s.DefaultListableBeanFactory     : Autowiring by type from bean name 'org.springframework.transaction.config.internalTransactionAdvisor' via factory method to bean named 'transactionAttributeSource'
2024-12-27T18:09:46.627+05:30 DEBUG 139594 --- [Crud_KR] [           main] o.s.b.f.s.DefaultListableBeanFactory     : Autowiring by type from bean name 'org.springframework.transaction.config.internalTransactionAdvisor' via factory method to bean named 'transactionInterceptor'
2024-12-27T18:09:46.633+05:30 DEBUG 139594 --- [Crud_KR] [           main] o.s.b.f.s.DefaultListableBeanFactory     : Creating shared instance of singleton bean 'cacheOperationSource'
2024-12-27T18:09:46.640+05:30 DEBUG 139594 --- [Crud_KR] [           main] o.s.b.f.s.DefaultListableBeanFactory     : Creating shared instance of singleton bean 'cacheInterceptor'
2024-12-27T18:09:46.640+05:30 DEBUG 139594 --- [Crud_KR] [           main] o.s.b.f.s.DefaultListableBeanFactory     : Autowiring by type from bean name 'cacheInterceptor' via factory method to bean named 'cacheOperationSource'
2024-12-27T18:09:46.647+05:30 DEBUG 139594 --- [Crud_KR] [           main] o.s.b.f.s.DefaultListableBeanFactory     : Autowiring by type from bean name 'org.springframework.cache.config.internalCacheAdvisor' via factory method to bean named 'cacheOperationSource'
2024-12-27T18:09:46.647+05:30 DEBUG 139594 --- [Crud_KR] [           main] o.s.b.f.s.DefaultListableBeanFactory     : Autowiring by type from bean name 'org.springframework.cache.config.internalCacheAdvisor' via factory method to bean named 'cacheInterceptor'
2024-12-27T18:09:46.711+05:30 DEBUG 139594 --- [Crud_KR] [           main] o.s.u.c.s.UiApplicationContextUtils      : Unable to locate ThemeSource with name 'themeSource': using default [org.springframework.ui.context.support.ResourceBundleThemeSource@4525e9e8]
2024-12-27T18:09:46.714+05:30 DEBUG 139594 --- [Crud_KR] [           main] o.s.b.f.s.DefaultListableBeanFactory     : Creating shared instance of singleton bean 'org.springframework.test.context.support.internalDynamicPropertyRegistrarBeanInitializer'
2024-12-27T18:09:46.717+05:30 DEBUG 139594 --- [Crud_KR] [           main] o.s.b.f.s.DefaultListableBeanFactory     : Creating shared instance of singleton bean 'cacheManager'
2024-12-27T18:09:46.717+05:30 DEBUG 139594 --- [Crud_KR] [           main] o.s.b.f.s.DefaultListableBeanFactory     : Creating shared instance of singleton bean 'org.springframework.boot.autoconfigure.cache.RedisCacheConfiguration'
2024-12-27T18:09:46.720+05:30 DEBUG 139594 --- [Crud_KR] [           main] o.s.b.f.s.DefaultListableBeanFactory     : Creating shared instance of singleton bean 'spring.cache-org.springframework.boot.autoconfigure.cache.CacheProperties'
2024-12-27T18:09:46.722+05:30 DEBUG 139594 --- [Crud_KR] [           main] o.s.b.f.s.DefaultListableBeanFactory     : Creating shared instance of singleton bean 'org.springframework.boot.context.properties.BoundConfigurationProperties'
2024-12-27T18:09:46.730+05:30 DEBUG 139594 --- [Crud_KR] [           main] o.s.b.f.s.DefaultListableBeanFactory     : Creating shared instance of singleton bean 'cacheManagerCustomizers'
2024-12-27T18:09:46.731+05:30 DEBUG 139594 --- [Crud_KR] [           main] o.s.b.f.s.DefaultListableBeanFactory     : Creating shared instance of singleton bean 'org.springframework.boot.autoconfigure.cache.CacheAutoConfiguration'
2024-12-27T18:09:46.734+05:30 DEBUG 139594 --- [Crud_KR] [           main] o.s.b.f.s.DefaultListableBeanFactory     : Creating shared instance of singleton bean 'redisConnectionFactory'
2024-12-27T18:09:46.734+05:30 DEBUG 139594 --- [Crud_KR] [           main] o.s.b.f.s.DefaultListableBeanFactory     : Creating shared instance of singleton bean 'org.springframework.boot.autoconfigure.data.redis.LettuceConnectionConfiguration'
2024-12-27T18:09:46.735+05:30 DEBUG 139594 --- [Crud_KR] [           main] o.s.b.f.s.DefaultListableBeanFactory     : Creating shared instance of singleton bean 'spring.data.redis-org.springframework.boot.autoconfigure.data.redis.RedisProperties'
2024-12-27T18:09:46.747+05:30 DEBUG 139594 --- [Crud_KR] [           main] o.s.b.f.s.DefaultListableBeanFactory     : Creating shared instance of singleton bean 'redisConnectionDetails'
2024-12-27T18:09:46.748+05:30 DEBUG 139594 --- [Crud_KR] [           main] o.s.b.f.s.DefaultListableBeanFactory     : Creating shared instance of singleton bean 'org.springframework.boot.autoconfigure.data.redis.RedisAutoConfiguration'
2024-12-27T18:09:46.750+05:30 DEBUG 139594 --- [Crud_KR] [           main] o.s.b.f.s.DefaultListableBeanFactory     : Autowiring by type from bean name 'redisConnectionDetails' via factory method to bean named 'spring.data.redis-org.springframework.boot.autoconfigure.data.redis.RedisProperties'
2024-12-27T18:09:46.753+05:30 DEBUG 139594 --- [Crud_KR] [           main] o.s.b.f.s.DefaultListableBeanFactory     : Autowiring by type from bean name 'org.springframework.boot.autoconfigure.data.redis.LettuceConnectionConfiguration' via constructor to bean named 'spring.data.redis-org.springframework.boot.autoconfigure.data.redis.RedisProperties'
2024-12-27T18:09:46.753+05:30 DEBUG 139594 --- [Crud_KR] [           main] o.s.b.f.s.DefaultListableBeanFactory     : Autowiring by type from bean name 'org.springframework.boot.autoconfigure.data.redis.LettuceConnectionConfiguration' via constructor to bean named 'redisConnectionDetails'
2024-12-27T18:09:46.755+05:30 DEBUG 139594 --- [Crud_KR] [           main] o.s.b.f.s.DefaultListableBeanFactory     : Creating shared instance of singleton bean 'sslBundleRegistry'
2024-12-27T18:09:46.756+05:30 DEBUG 139594 --- [Crud_KR] [           main] o.s.b.f.s.DefaultListableBeanFactory     : Creating shared instance of singleton bean 'org.springframework.boot.autoconfigure.ssl.SslAutoConfiguration'
2024-12-27T18:09:46.757+05:30 DEBUG 139594 --- [Crud_KR] [           main] o.s.b.f.s.DefaultListableBeanFactory     : Creating shared instance of singleton bean 'spring.ssl-org.springframework.boot.autoconfigure.ssl.SslProperties'
2024-12-27T18:09:46.759+05:30 DEBUG 139594 --- [Crud_KR] [           main] o.s.b.f.s.DefaultListableBeanFactory     : Autowiring by type from bean name 'org.springframework.boot.autoconfigure.ssl.SslAutoConfiguration' via constructor to bean named 'org.springframework.web.context.support.GenericWebApplicationContext@26f143ed'
2024-12-27T18:09:46.759+05:30 DEBUG 139594 --- [Crud_KR] [           main] o.s.b.f.s.DefaultListableBeanFactory     : Autowiring by type from bean name 'org.springframework.boot.autoconfigure.ssl.SslAutoConfiguration' via constructor to bean named 'spring.ssl-org.springframework.boot.autoconfigure.ssl.SslProperties'
2024-12-27T18:09:46.763+05:30 DEBUG 139594 --- [Crud_KR] [           main] o.s.b.f.s.DefaultListableBeanFactory     : Creating shared instance of singleton bean 'sslPropertiesSslBundleRegistrar'
2024-12-27T18:09:46.763+05:30 DEBUG 139594 --- [Crud_KR] [           main] o.s.b.f.s.DefaultListableBeanFactory     : Creating shared instance of singleton bean 'fileWatcher'
2024-12-27T18:09:46.765+05:30 DEBUG 139594 --- [Crud_KR] [           main] o.s.b.f.s.DefaultListableBeanFactory     : Autowiring by type from bean name 'sslPropertiesSslBundleRegistrar' via factory method to bean named 'fileWatcher'
2024-12-27T18:09:46.776+05:30 DEBUG 139594 --- [Crud_KR] [           main] o.s.b.f.s.DefaultListableBeanFactory     : Creating shared instance of singleton bean 'lettuceClientResources'
2024-12-27T18:09:46.781+05:30 DEBUG 139594 --- [Crud_KR] [           main] i.n.u.i.logging.InternalLoggerFactory    : Using SLF4J as the default logging framework
2024-12-27T18:09:46.786+05:30 DEBUG 139594 --- [Crud_KR] [           main] i.l.c.r.AddressResolverGroupProvider     : Starting without optional netty's non-blocking DNS resolver library
2024-12-27T18:09:46.787+05:30 DEBUG 139594 --- [Crud_KR] [           main] i.l.c.resource.DefaultClientResources    : -Dio.netty.eventLoopThreads: 16
2024-12-27T18:09:46.794+05:30 DEBUG 139594 --- [Crud_KR] [           main] i.l.c.r.DefaultEventLoopGroupProvider    : Creating executor io.netty.util.concurrent.DefaultEventExecutorGroup
2024-12-27T18:09:46.805+05:30 DEBUG 139594 --- [Crud_KR] [           main] i.n.util.concurrent.GlobalEventExecutor  : -Dio.netty.globalEventExecutor.quietPeriodSeconds: 1
2024-12-27T18:09:46.813+05:30 DEBUG 139594 --- [Crud_KR] [           main] i.n.u.internal.InternalThreadLocalMap    : -Dio.netty.threadLocalMap.stringBuilder.initialSize: 1024
2024-12-27T18:09:46.813+05:30 DEBUG 139594 --- [Crud_KR] [           main] i.n.u.internal.InternalThreadLocalMap    : -Dio.netty.threadLocalMap.stringBuilder.maxSize: 4096
2024-12-27T18:09:46.818+05:30 DEBUG 139594 --- [Crud_KR] [           main] io.netty.util.ResourceLeakDetector       : -Dio.netty.leakDetection.level: simple
2024-12-27T18:09:46.818+05:30 DEBUG 139594 --- [Crud_KR] [           main] io.netty.util.ResourceLeakDetector       : -Dio.netty.leakDetection.targetRecords: 4
2024-12-27T18:09:46.821+05:30 DEBUG 139594 --- [Crud_KR] [           main] i.n.util.ResourceLeakDetectorFactory     : Loaded default ResourceLeakDetector: io.netty.util.ResourceLeakDetector@4f081b5d
2024-12-27T18:09:46.841+05:30 DEBUG 139594 --- [Crud_KR] [           main] i.n.util.internal.PlatformDependent0     : -Dio.netty.noUnsafe: false
2024-12-27T18:09:46.842+05:30 DEBUG 139594 --- [Crud_KR] [           main] i.n.util.internal.PlatformDependent0     : Java version: 17
2024-12-27T18:09:46.843+05:30 DEBUG 139594 --- [Crud_KR] [           main] i.n.util.internal.PlatformDependent0     : sun.misc.Unsafe.theUnsafe: available
2024-12-27T18:09:46.844+05:30 DEBUG 139594 --- [Crud_KR] [           main] i.n.util.internal.PlatformDependent0     : sun.misc.Unsafe base methods: all available
2024-12-27T18:09:46.845+05:30 DEBUG 139594 --- [Crud_KR] [           main] i.n.util.internal.PlatformDependent0     : sun.misc.Unsafe.storeFence: available
2024-12-27T18:09:46.845+05:30 DEBUG 139594 --- [Crud_KR] [           main] i.n.util.internal.PlatformDependent0     : java.nio.Buffer.address: available
2024-12-27T18:09:46.845+05:30 DEBUG 139594 --- [Crud_KR] [           main] i.n.util.internal.PlatformDependent0     : direct buffer constructor: unavailable: Reflective setAccessible(true) disabled
2024-12-27T18:09:46.846+05:30 DEBUG 139594 --- [Crud_KR] [           main] i.n.util.internal.PlatformDependent0     : java.nio.Bits.unaligned: available, true
2024-12-27T18:09:46.847+05:30 DEBUG 139594 --- [Crud_KR] [           main] i.n.util.internal.PlatformDependent0     : jdk.internal.misc.Unsafe.allocateUninitializedArray(int): unavailable: class io.netty.util.internal.PlatformDependent0$7 cannot access class jdk.internal.misc.Unsafe (in module java.base) because module java.base does not export jdk.internal.misc to unnamed module @15ecfcb1
2024-12-27T18:09:46.848+05:30 DEBUG 139594 --- [Crud_KR] [           main] i.n.util.internal.PlatformDependent0     : java.nio.DirectByteBuffer.<init>(long, {int,long}): unavailable
2024-12-27T18:09:46.849+05:30 DEBUG 139594 --- [Crud_KR] [           main] i.netty.util.internal.PlatformDependent  : sun.misc.Unsafe: available
2024-12-27T18:09:46.849+05:30 DEBUG 139594 --- [Crud_KR] [           main] i.netty.util.internal.PlatformDependent  : -Dio.netty.tmpdir: /tmp (java.io.tmpdir)
2024-12-27T18:09:46.849+05:30 DEBUG 139594 --- [Crud_KR] [           main] i.netty.util.internal.PlatformDependent  : -Dio.netty.bitMode: 64 (sun.arch.data.model)
2024-12-27T18:09:46.851+05:30 DEBUG 139594 --- [Crud_KR] [           main] i.netty.util.internal.PlatformDependent  : -Dio.netty.maxDirectMemory: -1 bytes
2024-12-27T18:09:46.851+05:30 DEBUG 139594 --- [Crud_KR] [           main] i.netty.util.internal.PlatformDependent  : -Dio.netty.uninitializedArrayAllocationThreshold: -1
2024-12-27T18:09:46.852+05:30 DEBUG 139594 --- [Crud_KR] [           main] io.netty.util.internal.CleanerJava9      : java.nio.ByteBuffer.cleaner(): available
2024-12-27T18:09:46.852+05:30 DEBUG 139594 --- [Crud_KR] [           main] i.netty.util.internal.PlatformDependent  : -Dio.netty.noPreferDirect: false
2024-12-27T18:09:46.858+05:30 DEBUG 139594 --- [Crud_KR] [           main] i.netty.util.internal.PlatformDependent  : org.jctools-core.MpscChunkedArrayQueue: available
2024-12-27T18:09:46.865+05:30 DEBUG 139594 --- [Crud_KR] [           main] reactor.util.Loggers                     : Using Slf4j logging framework
2024-12-27T18:09:46.868+05:30 DEBUG 139594 --- [Crud_KR] [           main] i.l.core.event.jfr.EventRecorderHolder   : Starting with JFR support
2024-12-27T18:09:46.877+05:30 DEBUG 139594 --- [Crud_KR] [           main] i.l.c.resource.DefaultClientResources    : LatencyUtils/HdrUtils are not available, metrics are disabled
2024-12-27T18:09:46.882+05:30 DEBUG 139594 --- [Crud_KR] [           main] o.s.b.f.s.DefaultListableBeanFactory     : Autowiring by type from bean name 'redisConnectionFactory' via factory method to bean named 'lettuceClientResources'
2024-12-27T18:09:46.969+05:30 DEBUG 139594 --- [Crud_KR] [           main] o.s.b.f.s.DefaultListableBeanFactory     : Autowiring by type from bean name 'cacheManager' via factory method to bean named 'spring.cache-org.springframework.boot.autoconfigure.cache.CacheProperties'
2024-12-27T18:09:46.969+05:30 DEBUG 139594 --- [Crud_KR] [           main] o.s.b.f.s.DefaultListableBeanFactory     : Autowiring by type from bean name 'cacheManager' via factory method to bean named 'cacheManagerCustomizers'
2024-12-27T18:09:46.969+05:30 DEBUG 139594 --- [Crud_KR] [           main] o.s.b.f.s.DefaultListableBeanFactory     : Autowiring by type from bean name 'cacheManager' via factory method to bean named 'redisConnectionFactory'
2024-12-27T18:09:46.969+05:30 DEBUG 139594 --- [Crud_KR] [           main] o.s.b.f.s.DefaultListableBeanFactory     : Autowiring by type from bean name 'cacheManager' via factory method to bean named 'org.springframework.web.context.support.GenericWebApplicationContext@26f143ed'
2024-12-27T18:09:46.988+05:30 DEBUG 139594 --- [Crud_KR] [           main] o.s.b.f.s.DefaultListableBeanFactory     : Creating shared instance of singleton bean 'dataSourceScriptDatabaseInitializer'
2024-12-27T18:09:46.989+05:30 DEBUG 139594 --- [Crud_KR] [           main] o.s.b.f.s.DefaultListableBeanFactory     : Creating shared instance of singleton bean 'org.springframework.boot.autoconfigure.sql.init.DataSourceInitializationConfiguration'
2024-12-27T18:09:46.991+05:30 DEBUG 139594 --- [Crud_KR] [           main] o.s.b.f.s.DefaultListableBeanFactory     : Creating shared instance of singleton bean 'dataSource'
2024-12-27T18:09:46.991+05:30 DEBUG 139594 --- [Crud_KR] [           main] o.s.b.f.s.DefaultListableBeanFactory     : Creating shared instance of singleton bean 'org.springframework.boot.autoconfigure.jdbc.DataSourceConfiguration$Hikari'
2024-12-27T18:09:46.993+05:30 DEBUG 139594 --- [Crud_KR] [           main] o.s.b.f.s.DefaultListableBeanFactory     : Creating shared instance of singleton bean 'spring.datasource-org.springframework.boot.autoconfigure.jdbc.DataSourceProperties'
2024-12-27T18:09:47.004+05:30 DEBUG 139594 --- [Crud_KR] [           main] o.s.b.f.s.DefaultListableBeanFactory     : Creating shared instance of singleton bean 'jdbcConnectionDetails'
2024-12-27T18:09:47.004+05:30 DEBUG 139594 --- [Crud_KR] [           main] o.s.b.f.s.DefaultListableBeanFactory     : Creating shared instance of singleton bean 'org.springframework.boot.autoconfigure.jdbc.DataSourceAutoConfiguration$PooledDataSourceConfiguration'
2024-12-27T18:09:47.006+05:30 DEBUG 139594 --- [Crud_KR] [           main] o.s.b.f.s.DefaultListableBeanFactory     : Autowiring by type from bean name 'jdbcConnectionDetails' via factory method to bean named 'spring.datasource-org.springframework.boot.autoconfigure.jdbc.DataSourceProperties'
2024-12-27T18:09:47.007+05:30 DEBUG 139594 --- [Crud_KR] [           main] o.s.b.f.s.DefaultListableBeanFactory     : Autowiring by type from bean name 'dataSource' via factory method to bean named 'spring.datasource-org.springframework.boot.autoconfigure.jdbc.DataSourceProperties'
2024-12-27T18:09:47.008+05:30 DEBUG 139594 --- [Crud_KR] [           main] o.s.b.f.s.DefaultListableBeanFactory     : Autowiring by type from bean name 'dataSource' via factory method to bean named 'jdbcConnectionDetails'
2024-12-27T18:09:47.011+05:30 DEBUG 139594 --- [Crud_KR] [           main] com.zaxxer.hikari.HikariConfig           : Driver class com.mysql.cj.jdbc.Driver found in Thread context class loader jdk.internal.loader.ClassLoaders$AppClassLoader@30946e09
2024-12-27T18:09:47.039+05:30 DEBUG 139594 --- [Crud_KR] [           main] o.s.b.f.s.DefaultListableBeanFactory     : Creating shared instance of singleton bean 'spring.sql.init-org.springframework.boot.autoconfigure.sql.init.SqlInitializationProperties'
2024-12-27T18:09:47.044+05:30 DEBUG 139594 --- [Crud_KR] [           main] o.s.b.f.s.DefaultListableBeanFactory     : Autowiring by type from bean name 'dataSourceScriptDatabaseInitializer' via factory method to bean named 'dataSource'
2024-12-27T18:09:47.045+05:30 DEBUG 139594 --- [Crud_KR] [           main] o.s.b.f.s.DefaultListableBeanFactory     : Autowiring by type from bean name 'dataSourceScriptDatabaseInitializer' via factory method to bean named 'spring.sql.init-org.springframework.boot.autoconfigure.sql.init.SqlInitializationProperties'
2024-12-27T18:09:47.053+05:30 DEBUG 139594 --- [Crud_KR] [           main] o.s.b.f.s.DefaultListableBeanFactory     : Creating shared instance of singleton bean 'entityManagerFactory'
2024-12-27T18:09:47.054+05:30 DEBUG 139594 --- [Crud_KR] [           main] o.s.b.f.s.DefaultListableBeanFactory     : Creating shared instance of singleton bean 'org.springframework.boot.autoconfigure.orm.jpa.HibernateJpaConfiguration'
2024-12-27T18:09:47.056+05:30 DEBUG 139594 --- [Crud_KR] [           main] o.s.b.f.s.DefaultListableBeanFactory     : Creating shared instance of singleton bean 'spring.jpa-org.springframework.boot.autoconfigure.orm.jpa.JpaProperties'
2024-12-27T18:09:47.064+05:30 DEBUG 139594 --- [Crud_KR] [           main] o.s.b.f.s.DefaultListableBeanFactory     : Creating shared instance of singleton bean 'spring.jpa.hibernate-org.springframework.boot.autoconfigure.orm.jpa.HibernateProperties'
2024-12-27T18:09:47.069+05:30 DEBUG 139594 --- [Crud_KR] [           main] o.s.b.f.s.DefaultListableBeanFactory     : Autowiring by type from bean name 'org.springframework.boot.autoconfigure.orm.jpa.HibernateJpaConfiguration' via constructor to bean named 'dataSource'
2024-12-27T18:09:47.069+05:30 DEBUG 139594 --- [Crud_KR] [           main] o.s.b.f.s.DefaultListableBeanFactory     : Autowiring by type from bean name 'org.springframework.boot.autoconfigure.orm.jpa.HibernateJpaConfiguration' via constructor to bean named 'spring.jpa-org.springframework.boot.autoconfigure.orm.jpa.JpaProperties'
2024-12-27T18:09:47.069+05:30 DEBUG 139594 --- [Crud_KR] [           main] o.s.b.f.s.DefaultListableBeanFactory     : Autowiring by type from bean name 'org.springframework.boot.autoconfigure.orm.jpa.HibernateJpaConfiguration' via constructor to bean named 'org.springframework.beans.factory.support.DefaultListableBeanFactory@37d00a23'
2024-12-27T18:09:47.069+05:30 DEBUG 139594 --- [Crud_KR] [           main] o.s.b.f.s.DefaultListableBeanFactory     : Autowiring by type from bean name 'org.springframework.boot.autoconfigure.orm.jpa.HibernateJpaConfiguration' via constructor to bean named 'spring.jpa.hibernate-org.springframework.boot.autoconfigure.orm.jpa.HibernateProperties'
2024-12-27T18:09:47.071+05:30 DEBUG 139594 --- [Crud_KR] [           main] o.s.b.f.s.DefaultListableBeanFactory     : Creating shared instance of singleton bean 'hikariPoolDataSourceMetadataProvider'
2024-12-27T18:09:47.072+05:30 DEBUG 139594 --- [Crud_KR] [           main] o.s.b.f.s.DefaultListableBeanFactory     : Creating shared instance of singleton bean 'org.springframework.boot.autoconfigure.jdbc.metadata.DataSourcePoolMetadataProvidersConfiguration$HikariPoolDataSourceMetadataProviderConfiguration'
2024-12-27T18:09:47.078+05:30 DEBUG 139594 --- [Crud_KR] [           main] o.s.b.f.s.DefaultListableBeanFactory     : Creating shared instance of singleton bean 'entityManagerFactoryBuilder'
2024-12-27T18:09:47.079+05:30 DEBUG 139594 --- [Crud_KR] [           main] o.s.b.f.s.DefaultListableBeanFactory     : Creating shared instance of singleton bean 'jpaVendorAdapter'
2024-12-27T18:09:47.089+05:30 DEBUG 139594 --- [Crud_KR] [           main] o.s.b.f.s.DefaultListableBeanFactory     : Autowiring by type from bean name 'entityManagerFactoryBuilder' via factory method to bean named 'jpaVendorAdapter'
2024-12-27T18:09:47.097+05:30 DEBUG 139594 --- [Crud_KR] [           main] o.s.b.f.s.DefaultListableBeanFactory     : Creating shared instance of singleton bean 'persistenceManagedTypes'
2024-12-27T18:09:47.098+05:30 DEBUG 139594 --- [Crud_KR] [           main] o.s.b.f.s.DefaultListableBeanFactory     : Autowiring by type from bean name 'persistenceManagedTypes' via factory method to bean named 'org.springframework.beans.factory.support.DefaultListableBeanFactory@37d00a23'
2024-12-27T18:09:47.099+05:30 DEBUG 139594 --- [Crud_KR] [           main] o.s.b.f.s.DefaultListableBeanFactory     : Autowiring by type from bean name 'persistenceManagedTypes' via factory method to bean named 'org.springframework.web.context.support.GenericWebApplicationContext@26f143ed'
2024-12-27T18:09:47.106+05:30 DEBUG 139594 --- [Crud_KR] [           main] o.s.b.f.s.DefaultListableBeanFactory     : Autowiring by type from bean name 'entityManagerFactory' via factory method to bean named 'entityManagerFactoryBuilder'
2024-12-27T18:09:47.106+05:30 DEBUG 139594 --- [Crud_KR] [           main] o.s.b.f.s.DefaultListableBeanFactory     : Autowiring by type from bean name 'entityManagerFactory' via factory method to bean named 'persistenceManagedTypes'
2024-12-27T18:09:47.116+05:30 DEBUG 139594 --- [Crud_KR] [           main] j.LocalContainerEntityManagerFactoryBean : Building JPA container EntityManagerFactory for persistence unit 'default'
2024-12-27T18:09:47.131+05:30 DEBUG 139594 --- [Crud_KR] [           main] o.hibernate.jpa.internal.util.LogHelper  : PersistenceUnitInfo [
	name: default
	persistence provider classname: null
	classloader: jdk.internal.loader.ClassLoaders$AppClassLoader@30946e09
	excludeUnlistedClasses: true
	JTA datasource: null
	Non JTA datasource: HikariDataSource (null)
	Transaction type: RESOURCE_LOCAL
	PU root URL: file:/home/anshuman.pandey/adjetterMicroservice/Crud_KR/target/test-classes/
	Shared Cache Mode: UNSPECIFIED
	Validation Mode: AUTO
	Jar files URLs []
	Managed classes names [
		com.example.crud_kr.Model.Customer]
	Mapping files names []
	Properties []
2024-12-27T18:09:47.144+05:30 DEBUG 139594 --- [Crud_KR] [           main] o.h.i.internal.IntegratorServiceImpl     : Adding Integrator [org.hibernate.boot.beanvalidation.BeanValidationIntegrator].
2024-12-27T18:09:47.146+05:30 DEBUG 139594 --- [Crud_KR] [           main] o.h.i.internal.IntegratorServiceImpl     : Adding Integrator [org.hibernate.cache.internal.CollectionCacheInvalidator].
2024-12-27T18:09:47.209+05:30  INFO 139594 --- [Crud_KR] [           main] org.hibernate.Version                    : HHH000412: Hibernate ORM core version 6.6.4.Final
2024-12-27T18:09:47.211+05:30 DEBUG 139594 --- [Crud_KR] [           main] org.hibernate.cfg.Environment            : HHH000206: 'hibernate.properties' not found
2024-12-27T18:09:47.245+05:30 DEBUG 139594 --- [Crud_KR] [           main] org.hibernate.orm.idgen.factory          : Registering IdentifierGenerator strategy [uuid2] -> [org.hibernate.id.UUIDGenerator]
2024-12-27T18:09:47.246+05:30 DEBUG 139594 --- [Crud_KR] [           main] org.hibernate.orm.idgen.factory          : Registering IdentifierGenerator strategy [guid] -> [org.hibernate.id.GUIDGenerator]
2024-12-27T18:09:47.247+05:30 DEBUG 139594 --- [Crud_KR] [           main] org.hibernate.orm.idgen.factory          : Registering IdentifierGenerator strategy [uuid] -> [org.hibernate.id.UUIDHexGenerator]
2024-12-27T18:09:47.247+05:30 DEBUG 139594 --- [Crud_KR] [           main] org.hibernate.orm.idgen.factory          : Registering IdentifierGenerator strategy [uuid.hex] -> [org.hibernate.id.UUIDHexGenerator]
2024-12-27T18:09:47.247+05:30 DEBUG 139594 --- [Crud_KR] [           main] org.hibernate.orm.idgen.factory          : Registering IdentifierGenerator strategy [assigned] -> [org.hibernate.id.Assigned]
2024-12-27T18:09:47.248+05:30 DEBUG 139594 --- [Crud_KR] [           main] org.hibernate.orm.idgen.factory          : Registering IdentifierGenerator strategy [identity] -> [org.hibernate.id.IdentityGenerator]
2024-12-27T18:09:47.249+05:30 DEBUG 139594 --- [Crud_KR] [           main] org.hibernate.orm.idgen.factory          : Registering IdentifierGenerator strategy [select] -> [org.hibernate.id.SelectGenerator]
2024-12-27T18:09:47.251+05:30 DEBUG 139594 --- [Crud_KR] [           main] org.hibernate.orm.idgen.factory          : Registering IdentifierGenerator strategy [sequence] -> [org.hibernate.id.enhanced.SequenceStyleGenerator]
2024-12-27T18:09:47.252+05:30 DEBUG 139594 --- [Crud_KR] [           main] org.hibernate.orm.idgen.factory          : Registering IdentifierGenerator strategy [increment] -> [org.hibernate.id.IncrementGenerator]
2024-12-27T18:09:47.252+05:30 DEBUG 139594 --- [Crud_KR] [           main] org.hibernate.orm.idgen.factory          : Registering IdentifierGenerator strategy [foreign] -> [org.hibernate.id.ForeignGenerator]
2024-12-27T18:09:47.252+05:30 DEBUG 139594 --- [Crud_KR] [           main] org.hibernate.orm.idgen.factory          : Registering IdentifierGenerator strategy [enhanced-sequence] -> [org.hibernate.id.enhanced.SequenceStyleGenerator]
2024-12-27T18:09:47.254+05:30 DEBUG 139594 --- [Crud_KR] [           main] org.hibernate.orm.idgen.factory          : Registering IdentifierGenerator strategy [enhanced-table] -> [org.hibernate.id.enhanced.TableGenerator]
2024-12-27T18:09:47.263+05:30 DEBUG 139594 --- [Crud_KR] [           main] o.h.c.internal.RegionFactoryInitiator    : Cannot default RegionFactory based on registered strategies as `[]` RegionFactory strategies were registered
2024-12-27T18:09:47.265+05:30  INFO 139594 --- [Crud_KR] [           main] o.h.c.internal.RegionFactoryInitiator    : HHH000026: Second-level cache disabled
2024-12-27T18:09:47.367+05:30 DEBUG 139594 --- [Crud_KR] [           main] org.hibernate.type.BasicTypeRegistry     : Adding type registration boolean -> org.hibernate.type.BasicTypeReference@1f26b992
2024-12-27T18:09:47.368+05:30 DEBUG 139594 --- [Crud_KR] [           main] org.hibernate.type.BasicTypeRegistry     : Adding type registration boolean -> org.hibernate.type.BasicTypeReference@1f26b992
2024-12-27T18:09:47.368+05:30 DEBUG 139594 --- [Crud_KR] [           main] org.hibernate.type.BasicTypeRegistry     : Adding type registration java.lang.Boolean -> org.hibernate.type.BasicTypeReference@1f26b992
2024-12-27T18:09:47.368+05:30 DEBUG 139594 --- [Crud_KR] [           main] org.hibernate.type.BasicTypeRegistry     : Adding type registration numeric_boolean -> org.hibernate.type.BasicTypeReference@2f60cbf2
2024-12-27T18:09:47.368+05:30 DEBUG 139594 --- [Crud_KR] [           main] org.hibernate.type.BasicTypeRegistry     : Adding type registration org.hibernate.type.NumericBooleanConverter -> org.hibernate.type.BasicTypeReference@2f60cbf2
2024-12-27T18:09:47.368+05:30 DEBUG 139594 --- [Crud_KR] [           main] org.hibernate.type.BasicTypeRegistry     : Adding type registration true_false -> org.hibernate.type.BasicTypeReference@631bc9f4
2024-12-27T18:09:47.368+05:30 DEBUG 139594 --- [Crud_KR] [           main] org.hibernate.type.BasicTypeRegistry     : Adding type registration org.hibernate.type.TrueFalseConverter -> org.hibernate.type.BasicTypeReference@631bc9f4
2024-12-27T18:09:47.368+05:30 DEBUG 139594 --- [Crud_KR] [           main] org.hibernate.type.BasicTypeRegistry     : Adding type registration yes_no -> org.hibernate.type.BasicTypeReference@642c72cf
2024-12-27T18:09:47.369+05:30 DEBUG 139594 --- [Crud_KR] [           main] org.hibernate.type.BasicTypeRegistry     : Adding type registration org.hibernate.type.YesNoConverter -> org.hibernate.type.BasicTypeReference@642c72cf
2024-12-27T18:09:47.369+05:30 DEBUG 139594 --- [Crud_KR] [           main] org.hibernate.type.BasicTypeRegistry     : Adding type registration byte -> org.hibernate.type.BasicTypeReference@4e6cbdf1
2024-12-27T18:09:47.369+05:30 DEBUG 139594 --- [Crud_KR] [           main] org.hibernate.type.BasicTypeRegistry     : Adding type registration byte -> org.hibernate.type.BasicTypeReference@4e6cbdf1
2024-12-27T18:09:47.369+05:30 DEBUG 139594 --- [Crud_KR] [           main] org.hibernate.type.BasicTypeRegistry     : Adding type registration java.lang.Byte -> org.hibernate.type.BasicTypeReference@4e6cbdf1
2024-12-27T18:09:47.369+05:30 DEBUG 139594 --- [Crud_KR] [           main] org.hibernate.type.BasicTypeRegistry     : Adding type registration binary -> org.hibernate.type.BasicTypeReference@67fac095
2024-12-27T18:09:47.369+05:30 DEBUG 139594 --- [Crud_KR] [           main] org.hibernate.type.BasicTypeRegistry     : Adding type registration byte[] -> org.hibernate.type.BasicTypeReference@67fac095
2024-12-27T18:09:47.369+05:30 DEBUG 139594 --- [Crud_KR] [           main] org.hibernate.type.BasicTypeRegistry     : Adding type registration [B -> org.hibernate.type.BasicTypeReference@67fac095
2024-12-27T18:09:47.369+05:30 DEBUG 139594 --- [Crud_KR] [           main] org.hibernate.type.BasicTypeRegistry     : Adding type registration binary_wrapper -> org.hibernate.type.BasicTypeReference@5a13f1f7
2024-12-27T18:09:47.369+05:30 DEBUG 139594 --- [Crud_KR] [           main] org.hibernate.type.BasicTypeRegistry     : Adding type registration wrapper-binary -> org.hibernate.type.BasicTypeReference@5a13f1f7
2024-12-27T18:09:47.369+05:30 DEBUG 139594 --- [Crud_KR] [           main] org.hibernate.type.BasicTypeRegistry     : Adding type registration image -> org.hibernate.type.BasicTypeReference@5dae5a70
2024-12-27T18:09:47.370+05:30 DEBUG 139594 --- [Crud_KR] [           main] org.hibernate.type.BasicTypeRegistry     : Adding type registration blob -> org.hibernate.type.BasicTypeReference@7686f701
2024-12-27T18:09:47.370+05:30 DEBUG 139594 --- [Crud_KR] [           main] org.hibernate.type.BasicTypeRegistry     : Adding type registration java.sql.Blob -> org.hibernate.type.BasicTypeReference@7686f701
2024-12-27T18:09:47.370+05:30 DEBUG 139594 --- [Crud_KR] [           main] org.hibernate.type.BasicTypeRegistry     : Adding type registration materialized_blob -> org.hibernate.type.BasicTypeReference@47c96f2c
2024-12-27T18:09:47.370+05:30 DEBUG 139594 --- [Crud_KR] [           main] org.hibernate.type.BasicTypeRegistry     : Adding type registration materialized_blob_wrapper -> org.hibernate.type.BasicTypeReference@210a26b
2024-12-27T18:09:47.370+05:30 DEBUG 139594 --- [Crud_KR] [           main] org.hibernate.type.BasicTypeRegistry     : Adding type registration short -> org.hibernate.type.BasicTypeReference@2dc21583
2024-12-27T18:09:47.370+05:30 DEBUG 139594 --- [Crud_KR] [           main] org.hibernate.type.BasicTypeRegistry     : Adding type registration short -> org.hibernate.type.BasicTypeReference@2dc21583
2024-12-27T18:09:47.371+05:30 DEBUG 139594 --- [Crud_KR] [           main] org.hibernate.type.BasicTypeRegistry     : Adding type registration java.lang.Short -> org.hibernate.type.BasicTypeReference@2dc21583
2024-12-27T18:09:47.371+05:30 DEBUG 139594 --- [Crud_KR] [           main] org.hibernate.type.BasicTypeRegistry     : Adding type registration integer -> org.hibernate.type.BasicTypeReference@6cbdd1c5
2024-12-27T18:09:47.371+05:30 DEBUG 139594 --- [Crud_KR] [           main] org.hibernate.type.BasicTypeRegistry     : Adding type registration int -> org.hibernate.type.BasicTypeReference@6cbdd1c5
2024-12-27T18:09:47.371+05:30 DEBUG 139594 --- [Crud_KR] [           main] org.hibernate.type.BasicTypeRegistry     : Adding type registration java.lang.Integer -> org.hibernate.type.BasicTypeReference@6cbdd1c5
2024-12-27T18:09:47.371+05:30 DEBUG 139594 --- [Crud_KR] [           main] org.hibernate.type.BasicTypeRegistry     : Adding type registration long -> org.hibernate.type.BasicTypeReference@60816371
2024-12-27T18:09:47.371+05:30 DEBUG 139594 --- [Crud_KR] [           main] org.hibernate.type.BasicTypeRegistry     : Adding type registration long -> org.hibernate.type.BasicTypeReference@60816371
2024-12-27T18:09:47.371+05:30 DEBUG 139594 --- [Crud_KR] [           main] org.hibernate.type.BasicTypeRegistry     : Adding type registration java.lang.Long -> org.hibernate.type.BasicTypeReference@60816371
2024-12-27T18:09:47.371+05:30 DEBUG 139594 --- [Crud_KR] [           main] org.hibernate.type.BasicTypeRegistry     : Adding type registration float -> org.hibernate.type.BasicTypeReference@678586f0
2024-12-27T18:09:47.371+05:30 DEBUG 139594 --- [Crud_KR] [           main] org.hibernate.type.BasicTypeRegistry     : Adding type registration float -> org.hibernate.type.BasicTypeReference@678586f0
2024-12-27T18:09:47.371+05:30 DEBUG 139594 --- [Crud_KR] [           main] org.hibernate.type.BasicTypeRegistry     : Adding type registration java.lang.Float -> org.hibernate.type.BasicTypeReference@678586f0
2024-12-27T18:09:47.372+05:30 DEBUG 139594 --- [Crud_KR] [           main] org.hibernate.type.BasicTypeRegistry     : Adding type registration double -> org.hibernate.type.BasicTypeReference@5ad6f98e
2024-12-27T18:09:47.372+05:30 DEBUG 139594 --- [Crud_KR] [           main] org.hibernate.type.BasicTypeRegistry     : Adding type registration double -> org.hibernate.type.BasicTypeReference@5ad6f98e
2024-12-27T18:09:47.372+05:30 DEBUG 139594 --- [Crud_KR] [           main] org.hibernate.type.BasicTypeRegistry     : Adding type registration java.lang.Double -> org.hibernate.type.BasicTypeReference@5ad6f98e
2024-12-27T18:09:47.372+05:30 DEBUG 139594 --- [Crud_KR] [           main] org.hibernate.type.BasicTypeRegistry     : Adding type registration big_integer -> org.hibernate.type.BasicTypeReference@586728e8
2024-12-27T18:09:47.372+05:30 DEBUG 139594 --- [Crud_KR] [           main] org.hibernate.type.BasicTypeRegistry     : Adding type registration java.math.BigInteger -> org.hibernate.type.BasicTypeReference@586728e8
2024-12-27T18:09:47.372+05:30 DEBUG 139594 --- [Crud_KR] [           main] org.hibernate.type.BasicTypeRegistry     : Adding type registration big_decimal -> org.hibernate.type.BasicTypeReference@3316527e
2024-12-27T18:09:47.372+05:30 DEBUG 139594 --- [Crud_KR] [           main] org.hibernate.type.BasicTypeRegistry     : Adding type registration java.math.BigDecimal -> org.hibernate.type.BasicTypeReference@3316527e
2024-12-27T18:09:47.372+05:30 DEBUG 139594 --- [Crud_KR] [           main] org.hibernate.type.BasicTypeRegistry     : Adding type registration character -> org.hibernate.type.BasicTypeReference@786ff0ea
2024-12-27T18:09:47.372+05:30 DEBUG 139594 --- [Crud_KR] [           main] org.hibernate.type.BasicTypeRegistry     : Adding type registration char -> org.hibernate.type.BasicTypeReference@786ff0ea
2024-12-27T18:09:47.373+05:30 DEBUG 139594 --- [Crud_KR] [           main] org.hibernate.type.BasicTypeRegistry     : Adding type registration java.lang.Character -> org.hibernate.type.BasicTypeReference@786ff0ea
2024-12-27T18:09:47.373+05:30 DEBUG 139594 --- [Crud_KR] [           main] org.hibernate.type.BasicTypeRegistry     : Adding type registration character_nchar -> org.hibernate.type.BasicTypeReference@15186ce0
2024-12-27T18:09:47.373+05:30 DEBUG 139594 --- [Crud_KR] [           main] org.hibernate.type.BasicTypeRegistry     : Adding type registration string -> org.hibernate.type.BasicTypeReference@745926c3
2024-12-27T18:09:47.373+05:30 DEBUG 139594 --- [Crud_KR] [           main] org.hibernate.type.BasicTypeRegistry     : Adding type registration java.lang.String -> org.hibernate.type.BasicTypeReference@745926c3
2024-12-27T18:09:47.373+05:30 DEBUG 139594 --- [Crud_KR] [           main] org.hibernate.type.BasicTypeRegistry     : Adding type registration nstring -> org.hibernate.type.BasicTypeReference@75dd0f94
2024-12-27T18:09:47.373+05:30 DEBUG 139594 --- [Crud_KR] [           main] org.hibernate.type.BasicTypeRegistry     : Adding type registration characters -> org.hibernate.type.BasicTypeReference@72324965
2024-12-27T18:09:47.373+05:30 DEBUG 139594 --- [Crud_KR] [           main] org.hibernate.type.BasicTypeRegistry     : Adding type registration char[] -> org.hibernate.type.BasicTypeReference@72324965
2024-12-27T18:09:47.373+05:30 DEBUG 139594 --- [Crud_KR] [           main] org.hibernate.type.BasicTypeRegistry     : Adding type registration [C -> org.hibernate.type.BasicTypeReference@72324965
2024-12-27T18:09:47.374+05:30 DEBUG 139594 --- [Crud_KR] [           main] org.hibernate.type.BasicTypeRegistry     : Adding type registration wrapper-characters -> org.hibernate.type.BasicTypeReference@249b54af
2024-12-27T18:09:47.374+05:30 DEBUG 139594 --- [Crud_KR] [           main] org.hibernate.type.BasicTypeRegistry     : Adding type registration text -> org.hibernate.type.BasicTypeReference@194911c1
2024-12-27T18:09:47.374+05:30 DEBUG 139594 --- [Crud_KR] [           main] org.hibernate.type.BasicTypeRegistry     : Adding type registration ntext -> org.hibernate.type.BasicTypeReference@4751cd3
2024-12-27T18:09:47.374+05:30 DEBUG 139594 --- [Crud_KR] [           main] org.hibernate.type.BasicTypeRegistry     : Adding type registration clob -> org.hibernate.type.BasicTypeReference@64ec1459
2024-12-27T18:09:47.374+05:30 DEBUG 139594 --- [Crud_KR] [           main] org.hibernate.type.BasicTypeRegistry     : Adding type registration java.sql.Clob -> org.hibernate.type.BasicTypeReference@64ec1459
2024-12-27T18:09:47.375+05:30 DEBUG 139594 --- [Crud_KR] [           main] org.hibernate.type.BasicTypeRegistry     : Adding type registration nclob -> org.hibernate.type.BasicTypeReference@1aac0a47
2024-12-27T18:09:47.375+05:30 DEBUG 139594 --- [Crud_KR] [           main] org.hibernate.type.BasicTypeRegistry     : Adding type registration java.sql.NClob -> org.hibernate.type.BasicTypeReference@1aac0a47
2024-12-27T18:09:47.375+05:30 DEBUG 139594 --- [Crud_KR] [           main] org.hibernate.type.BasicTypeRegistry     : Adding type registration materialized_clob -> org.hibernate.type.BasicTypeReference@4b3ad7ca
2024-12-27T18:09:47.375+05:30 DEBUG 139594 --- [Crud_KR] [           main] org.hibernate.type.BasicTypeRegistry     : Adding type registration materialized_clob_char_array -> org.hibernate.type.BasicTypeReference@6785c9fa
2024-12-27T18:09:47.375+05:30 DEBUG 139594 --- [Crud_KR] [           main] org.hibernate.type.BasicTypeRegistry     : Adding type registration materialized_clob_character_array -> org.hibernate.type.BasicTypeReference@63cf578f
2024-12-27T18:09:47.375+05:30 DEBUG 139594 --- [Crud_KR] [           main] org.hibernate.type.BasicTypeRegistry     : Adding type registration materialized_nclob -> org.hibernate.type.BasicTypeReference@194b9783
2024-12-27T18:09:47.375+05:30 DEBUG 139594 --- [Crud_KR] [           main] org.hibernate.type.BasicTypeRegistry     : Adding type registration materialized_nclob_character_array -> org.hibernate.type.BasicTypeReference@45297e7
2024-12-27T18:09:47.376+05:30 DEBUG 139594 --- [Crud_KR] [           main] org.hibernate.type.BasicTypeRegistry     : Adding type registration materialized_nclob_char_array -> org.hibernate.type.BasicTypeReference@4dd1548e
2024-12-27T18:09:47.376+05:30 DEBUG 139594 --- [Crud_KR] [           main] org.hibernate.type.BasicTypeRegistry     : Adding type registration Duration -> org.hibernate.type.BasicTypeReference@54bb1194
2024-12-27T18:09:47.376+05:30 DEBUG 139594 --- [Crud_KR] [           main] org.hibernate.type.BasicTypeRegistry     : Adding type registration java.time.Duration -> org.hibernate.type.BasicTypeReference@54bb1194
2024-12-27T18:09:47.376+05:30 DEBUG 139594 --- [Crud_KR] [           main] org.hibernate.type.BasicTypeRegistry     : Adding type registration LocalDateTime -> org.hibernate.type.BasicTypeReference@1109730f
2024-12-27T18:09:47.376+05:30 DEBUG 139594 --- [Crud_KR] [           main] org.hibernate.type.BasicTypeRegistry     : Adding type registration java.time.LocalDateTime -> org.hibernate.type.BasicTypeReference@1109730f
2024-12-27T18:09:47.376+05:30 DEBUG 139594 --- [Crud_KR] [           main] org.hibernate.type.BasicTypeRegistry     : Adding type registration LocalDate -> org.hibernate.type.BasicTypeReference@1f42366
2024-12-27T18:09:47.376+05:30 DEBUG 139594 --- [Crud_KR] [           main] org.hibernate.type.BasicTypeRegistry     : Adding type registration java.time.LocalDate -> org.hibernate.type.BasicTypeReference@1f42366
2024-12-27T18:09:47.376+05:30 DEBUG 139594 --- [Crud_KR] [           main] org.hibernate.type.BasicTypeRegistry     : Adding type registration LocalTime -> org.hibernate.type.BasicTypeReference@46c662f2
2024-12-27T18:09:47.377+05:30 DEBUG 139594 --- [Crud_KR] [           main] org.hibernate.type.BasicTypeRegistry     : Adding type registration java.time.LocalTime -> org.hibernate.type.BasicTypeReference@46c662f2
2024-12-27T18:09:47.377+05:30 DEBUG 139594 --- [Crud_KR] [           main] org.hibernate.type.BasicTypeRegistry     : Adding type registration OffsetDateTime -> org.hibernate.type.BasicTypeReference@4afdfc0f
2024-12-27T18:09:47.377+05:30 DEBUG 139594 --- [Crud_KR] [           main] org.hibernate.type.BasicTypeRegistry     : Adding type registration java.time.OffsetDateTime -> org.hibernate.type.BasicTypeReference@4afdfc0f
2024-12-27T18:09:47.377+05:30 DEBUG 139594 --- [Crud_KR] [           main] org.hibernate.type.BasicTypeRegistry     : Adding type registration OffsetDateTimeWithTimezone -> org.hibernate.type.BasicTypeReference@10b67f54
2024-12-27T18:09:47.377+05:30 DEBUG 139594 --- [Crud_KR] [           main] org.hibernate.type.BasicTypeRegistry     : Adding type registration OffsetDateTimeWithoutTimezone -> org.hibernate.type.BasicTypeReference@30798137
2024-12-27T18:09:47.377+05:30 DEBUG 139594 --- [Crud_KR] [           main] org.hibernate.type.BasicTypeRegistry     : Adding type registration OffsetTime -> org.hibernate.type.BasicTypeReference@455da438
2024-12-27T18:09:47.377+05:30 DEBUG 139594 --- [Crud_KR] [           main] org.hibernate.type.BasicTypeRegistry     : Adding type registration java.time.OffsetTime -> org.hibernate.type.BasicTypeReference@455da438
2024-12-27T18:09:47.377+05:30 DEBUG 139594 --- [Crud_KR] [           main] org.hibernate.type.BasicTypeRegistry     : Adding type registration OffsetTimeUtc -> org.hibernate.type.BasicTypeReference@60652518
2024-12-27T18:09:47.377+05:30 DEBUG 139594 --- [Crud_KR] [           main] org.hibernate.type.BasicTypeRegistry     : Adding type registration OffsetTimeWithTimezone -> org.hibernate.type.BasicTypeReference@438aaa9f
2024-12-27T18:09:47.378+05:30 DEBUG 139594 --- [Crud_KR] [           main] org.hibernate.type.BasicTypeRegistry     : Adding type registration OffsetTimeWithoutTimezone -> org.hibernate.type.BasicTypeReference@3f06ebe0
2024-12-27T18:09:47.378+05:30 DEBUG 139594 --- [Crud_KR] [           main] org.hibernate.type.BasicTypeRegistry     : Adding type registration ZonedDateTime -> org.hibernate.type.BasicTypeReference@1752e45c
2024-12-27T18:09:47.378+05:30 DEBUG 139594 --- [Crud_KR] [           main] org.hibernate.type.BasicTypeRegistry     : Adding type registration java.time.ZonedDateTime -> org.hibernate.type.BasicTypeReference@1752e45c
2024-12-27T18:09:47.378+05:30 DEBUG 139594 --- [Crud_KR] [           main] org.hibernate.type.BasicTypeRegistry     : Adding type registration ZonedDateTimeWithTimezone -> org.hibernate.type.BasicTypeReference@5ed65e4b
2024-12-27T18:09:47.378+05:30 DEBUG 139594 --- [Crud_KR] [           main] org.hibernate.type.BasicTypeRegistry     : Adding type registration ZonedDateTimeWithoutTimezone -> org.hibernate.type.BasicTypeReference@481ed95c
2024-12-27T18:09:47.378+05:30 DEBUG 139594 --- [Crud_KR] [           main] org.hibernate.type.BasicTypeRegistry     : Adding type registration date -> org.hibernate.type.BasicTypeReference@40cf6254
2024-12-27T18:09:47.378+05:30 DEBUG 139594 --- [Crud_KR] [           main] org.hibernate.type.BasicTypeRegistry     : Adding type registration java.sql.Date -> org.hibernate.type.BasicTypeReference@40cf6254
2024-12-27T18:09:47.378+05:30 DEBUG 139594 --- [Crud_KR] [           main] org.hibernate.type.BasicTypeRegistry     : Adding type registration time -> org.hibernate.type.BasicTypeReference@40bf0e15
2024-12-27T18:09:47.378+05:30 DEBUG 139594 --- [Crud_KR] [           main] org.hibernate.type.BasicTypeRegistry     : Adding type registration java.sql.Time -> org.hibernate.type.BasicTypeReference@40bf0e15
2024-12-27T18:09:47.378+05:30 DEBUG 139594 --- [Crud_KR] [           main] org.hibernate.type.BasicTypeRegistry     : Adding type registration timestamp -> org.hibernate.type.BasicTypeReference@2c77344f
2024-12-27T18:09:47.379+05:30 DEBUG 139594 --- [Crud_KR] [           main] org.hibernate.type.BasicTypeRegistry     : Adding type registration java.sql.Timestamp -> org.hibernate.type.BasicTypeReference@2c77344f
2024-12-27T18:09:47.379+05:30 DEBUG 139594 --- [Crud_KR] [           main] org.hibernate.type.BasicTypeRegistry     : Adding type registration java.util.Date -> org.hibernate.type.BasicTypeReference@2c77344f
2024-12-27T18:09:47.379+05:30 DEBUG 139594 --- [Crud_KR] [           main] org.hibernate.type.BasicTypeRegistry     : Adding type registration calendar -> org.hibernate.type.BasicTypeReference@121ddca4
2024-12-27T18:09:47.379+05:30 DEBUG 139594 --- [Crud_KR] [           main] org.hibernate.type.BasicTypeRegistry     : Adding type registration java.util.Calendar -> org.hibernate.type.BasicTypeReference@121ddca4
2024-12-27T18:09:47.379+05:30 DEBUG 139594 --- [Crud_KR] [           main] org.hibernate.type.BasicTypeRegistry     : Adding type registration java.util.GregorianCalendar -> org.hibernate.type.BasicTypeReference@121ddca4
2024-12-27T18:09:47.379+05:30 DEBUG 139594 --- [Crud_KR] [           main] org.hibernate.type.BasicTypeRegistry     : Adding type registration calendar_date -> org.hibernate.type.BasicTypeReference@297bd171
2024-12-27T18:09:47.379+05:30 DEBUG 139594 --- [Crud_KR] [           main] org.hibernate.type.BasicTypeRegistry     : Adding type registration calendar_time -> org.hibernate.type.BasicTypeReference@118cbded
2024-12-27T18:09:47.379+05:30 DEBUG 139594 --- [Crud_KR] [           main] org.hibernate.type.BasicTypeRegistry     : Adding type registration instant -> org.hibernate.type.BasicTypeReference@4cc26df
2024-12-27T18:09:47.379+05:30 DEBUG 139594 --- [Crud_KR] [           main] org.hibernate.type.BasicTypeRegistry     : Adding type registration java.time.Instant -> org.hibernate.type.BasicTypeReference@4cc26df
2024-12-27T18:09:47.379+05:30 DEBUG 139594 --- [Crud_KR] [           main] org.hibernate.type.BasicTypeRegistry     : Adding type registration uuid -> org.hibernate.type.BasicTypeReference@7848321e
2024-12-27T18:09:47.379+05:30 DEBUG 139594 --- [Crud_KR] [           main] org.hibernate.type.BasicTypeRegistry     : Adding type registration java.util.UUID -> org.hibernate.type.BasicTypeReference@7848321e
2024-12-27T18:09:47.379+05:30 DEBUG 139594 --- [Crud_KR] [           main] org.hibernate.type.BasicTypeRegistry     : Adding type registration pg-uuid -> org.hibernate.type.BasicTypeReference@7848321e
2024-12-27T18:09:47.380+05:30 DEBUG 139594 --- [Crud_KR] [           main] org.hibernate.type.BasicTypeRegistry     : Adding type registration uuid-binary -> org.hibernate.type.BasicTypeReference@f4f843f
2024-12-27T18:09:47.380+05:30 DEBUG 139594 --- [Crud_KR] [           main] org.hibernate.type.BasicTypeRegistry     : Adding type registration uuid-char -> org.hibernate.type.BasicTypeReference@7b5833ee
2024-12-27T18:09:47.380+05:30 DEBUG 139594 --- [Crud_KR] [           main] org.hibernate.type.BasicTypeRegistry     : Adding type registration class -> org.hibernate.type.BasicTypeReference@1e471884
2024-12-27T18:09:47.380+05:30 DEBUG 139594 --- [Crud_KR] [           main] org.hibernate.type.BasicTypeRegistry     : Adding type registration java.lang.Class -> org.hibernate.type.BasicTypeReference@1e471884
2024-12-27T18:09:47.380+05:30 DEBUG 139594 --- [Crud_KR] [           main] org.hibernate.type.BasicTypeRegistry     : Adding type registration currency -> org.hibernate.type.BasicTypeReference@27261190
2024-12-27T18:09:47.380+05:30 DEBUG 139594 --- [Crud_KR] [           main] org.hibernate.type.BasicTypeRegistry     : Adding type registration Currency -> org.hibernate.type.BasicTypeReference@27261190
2024-12-27T18:09:47.380+05:30 DEBUG 139594 --- [Crud_KR] [           main] org.hibernate.type.BasicTypeRegistry     : Adding type registration java.util.Currency -> org.hibernate.type.BasicTypeReference@27261190
2024-12-27T18:09:47.380+05:30 DEBUG 139594 --- [Crud_KR] [           main] org.hibernate.type.BasicTypeRegistry     : Adding type registration locale -> org.hibernate.type.BasicTypeReference@543b0737
2024-12-27T18:09:47.380+05:30 DEBUG 139594 --- [Crud_KR] [           main] org.hibernate.type.BasicTypeRegistry     : Adding type registration java.util.Locale -> org.hibernate.type.BasicTypeReference@543b0737
2024-12-27T18:09:47.380+05:30 DEBUG 139594 --- [Crud_KR] [           main] org.hibernate.type.BasicTypeRegistry     : Adding type registration serializable -> org.hibernate.type.BasicTypeReference@6e46891d
2024-12-27T18:09:47.380+05:30 DEBUG 139594 --- [Crud_KR] [           main] org.hibernate.type.BasicTypeRegistry     : Adding type registration java.io.Serializable -> org.hibernate.type.BasicTypeReference@6e46891d
2024-12-27T18:09:47.381+05:30 DEBUG 139594 --- [Crud_KR] [           main] org.hibernate.type.BasicTypeRegistry     : Adding type registration timezone -> org.hibernate.type.BasicTypeReference@48632f69
2024-12-27T18:09:47.381+05:30 DEBUG 139594 --- [Crud_KR] [           main] org.hibernate.type.BasicTypeRegistry     : Adding type registration java.util.TimeZone -> org.hibernate.type.BasicTypeReference@48632f69
2024-12-27T18:09:47.381+05:30 DEBUG 139594 --- [Crud_KR] [           main] org.hibernate.type.BasicTypeRegistry     : Adding type registration ZoneOffset -> org.hibernate.type.BasicTypeReference@5fde1d64
2024-12-27T18:09:47.381+05:30 DEBUG 139594 --- [Crud_KR] [           main] org.hibernate.type.BasicTypeRegistry     : Adding type registration java.time.ZoneOffset -> org.hibernate.type.BasicTypeReference@5fde1d64
2024-12-27T18:09:47.381+05:30 DEBUG 139594 --- [Crud_KR] [           main] org.hibernate.type.BasicTypeRegistry     : Adding type registration url -> org.hibernate.type.BasicTypeReference@5350ab17
2024-12-27T18:09:47.381+05:30 DEBUG 139594 --- [Crud_KR] [           main] org.hibernate.type.BasicTypeRegistry     : Adding type registration java.net.URL -> org.hibernate.type.BasicTypeReference@5350ab17
2024-12-27T18:09:47.381+05:30 DEBUG 139594 --- [Crud_KR] [           main] org.hibernate.type.BasicTypeRegistry     : Adding type registration vector -> org.hibernate.type.BasicTypeReference@984de01
2024-12-27T18:09:47.381+05:30 DEBUG 139594 --- [Crud_KR] [           main] org.hibernate.type.BasicTypeRegistry     : Adding type registration float_vector -> org.hibernate.type.BasicTypeReference@58cda03f
2024-12-27T18:09:47.381+05:30 DEBUG 139594 --- [Crud_KR] [           main] org.hibernate.type.BasicTypeRegistry     : Adding type registration double_vector -> org.hibernate.type.BasicTypeReference@7757a37f
2024-12-27T18:09:47.382+05:30 DEBUG 139594 --- [Crud_KR] [           main] org.hibernate.type.BasicTypeRegistry     : Adding type registration byte_vector -> org.hibernate.type.BasicTypeReference@2109a691
2024-12-27T18:09:47.382+05:30 DEBUG 139594 --- [Crud_KR] [           main] org.hibernate.type.BasicTypeRegistry     : Adding type registration row_version -> org.hibernate.type.BasicTypeReference@e521067
2024-12-27T18:09:47.388+05:30 DEBUG 139594 --- [Crud_KR] [           main] org.hibernate.type.BasicTypeRegistry     : Adding type registration object -> org.hibernate.type.JavaObjectType@148ab138
2024-12-27T18:09:47.388+05:30 DEBUG 139594 --- [Crud_KR] [           main] org.hibernate.type.BasicTypeRegistry     : Adding type registration java.lang.Object -> org.hibernate.type.JavaObjectType@148ab138
2024-12-27T18:09:47.389+05:30 DEBUG 139594 --- [Crud_KR] [           main] org.hibernate.type.BasicTypeRegistry     : Adding type registration null -> org.hibernate.type.NullType@2036f83
2024-12-27T18:09:47.389+05:30 DEBUG 139594 --- [Crud_KR] [           main] org.hibernate.type.BasicTypeRegistry     : Adding type registration imm_date -> org.hibernate.type.BasicTypeReference@68b3248a
2024-12-27T18:09:47.390+05:30 DEBUG 139594 --- [Crud_KR] [           main] org.hibernate.type.BasicTypeRegistry     : Adding type registration imm_time -> org.hibernate.type.BasicTypeReference@5e158f33
2024-12-27T18:09:47.390+05:30 DEBUG 139594 --- [Crud_KR] [           main] org.hibernate.type.BasicTypeRegistry     : Adding type registration imm_timestamp -> org.hibernate.type.BasicTypeReference@20fcea37
2024-12-27T18:09:47.390+05:30 DEBUG 139594 --- [Crud_KR] [           main] org.hibernate.type.BasicTypeRegistry     : Adding type registration imm_calendar -> org.hibernate.type.BasicTypeReference@399af6dc
2024-12-27T18:09:47.390+05:30 DEBUG 139594 --- [Crud_KR] [           main] org.hibernate.type.BasicTypeRegistry     : Adding type registration imm_calendar_date -> org.hibernate.type.BasicTypeReference@48fc0211
2024-12-27T18:09:47.390+05:30 DEBUG 139594 --- [Crud_KR] [           main] org.hibernate.type.BasicTypeRegistry     : Adding type registration imm_calendar_time -> org.hibernate.type.BasicTypeReference@3ae2702a
2024-12-27T18:09:47.390+05:30 DEBUG 139594 --- [Crud_KR] [           main] org.hibernate.type.BasicTypeRegistry     : Adding type registration imm_binary -> org.hibernate.type.BasicTypeReference@7d088813
2024-12-27T18:09:47.390+05:30 DEBUG 139594 --- [Crud_KR] [           main] org.hibernate.type.BasicTypeRegistry     : Adding type registration imm_serializable -> org.hibernate.type.BasicTypeReference@134abd78
2024-12-27T18:09:47.397+05:30 DEBUG 139594 --- [Crud_KR] [           main] o.h.boot.internal.BootstrapContextImpl   : Injecting JPA temp ClassLoader [org.springframework.instrument.classloading.SimpleThrowawayClassLoader@3f0c6b3c] into BootstrapContext; was [null]
2024-12-27T18:09:47.397+05:30 DEBUG 139594 --- [Crud_KR] [           main] o.h.boot.internal.ClassLoaderAccessImpl  : ClassLoaderAccessImpl#injectTempClassLoader(org.springframework.instrument.classloading.SimpleThrowawayClassLoader@3f0c6b3c) [was null]
2024-12-27T18:09:47.398+05:30 DEBUG 139594 --- [Crud_KR] [           main] o.h.boot.internal.BootstrapContextImpl   : Injecting ScanEnvironment [org.hibernate.jpa.boot.internal.StandardJpaScanEnvironmentImpl@7c421952] into BootstrapContext; was [null]
2024-12-27T18:09:47.398+05:30 DEBUG 139594 --- [Crud_KR] [           main] o.h.boot.internal.BootstrapContextImpl   : Injecting ScanOptions [org.hibernate.boot.archive.scan.internal.StandardScanOptions@350d26f3] into BootstrapContext; was [org.hibernate.boot.archive.scan.internal.StandardScanOptions@c6a692e]
2024-12-27T18:09:47.588+05:30  INFO 139594 --- [Crud_KR] [           main] o.s.o.j.p.SpringPersistenceUnitInfo      : No LoadTimeWeaver setup: ignoring JPA class transformer
2024-12-27T18:09:47.588+05:30 DEBUG 139594 --- [Crud_KR] [           main] o.h.boot.internal.BootstrapContextImpl   : Injecting JPA temp ClassLoader [null] into BootstrapContext; was [org.springframework.instrument.classloading.SimpleThrowawayClassLoader@3f0c6b3c]
2024-12-27T18:09:47.588+05:30 DEBUG 139594 --- [Crud_KR] [           main] o.h.boot.internal.ClassLoaderAccessImpl  : ClassLoaderAccessImpl#injectTempClassLoader(null) [was org.springframework.instrument.classloading.SimpleThrowawayClassLoader@3f0c6b3c]
2024-12-27T18:09:47.617+05:30 DEBUG 139594 --- [Crud_KR] [           main] com.zaxxer.hikari.HikariConfig           : HikariPool-1 - configuration:
2024-12-27T18:09:47.622+05:30 DEBUG 139594 --- [Crud_KR] [           main] com.zaxxer.hikari.HikariConfig           : allowPoolSuspension.............false
2024-12-27T18:09:47.622+05:30 DEBUG 139594 --- [Crud_KR] [           main] com.zaxxer.hikari.HikariConfig           : autoCommit......................true
2024-12-27T18:09:47.622+05:30 DEBUG 139594 --- [Crud_KR] [           main] com.zaxxer.hikari.HikariConfig           : catalog.........................none
2024-12-27T18:09:47.622+05:30 DEBUG 139594 --- [Crud_KR] [           main] com.zaxxer.hikari.HikariConfig           : connectionInitSql...............none
2024-12-27T18:09:47.622+05:30 DEBUG 139594 --- [Crud_KR] [           main] com.zaxxer.hikari.HikariConfig           : connectionTestQuery.............none
2024-12-27T18:09:47.622+05:30 DEBUG 139594 --- [Crud_KR] [           main] com.zaxxer.hikari.HikariConfig           : connectionTimeout...............30000
2024-12-27T18:09:47.623+05:30 DEBUG 139594 --- [Crud_KR] [           main] com.zaxxer.hikari.HikariConfig           : dataSource......................none
2024-12-27T18:09:47.623+05:30 DEBUG 139594 --- [Crud_KR] [           main] com.zaxxer.hikari.HikariConfig           : dataSourceClassName.............none
2024-12-27T18:09:47.623+05:30 DEBUG 139594 --- [Crud_KR] [           main] com.zaxxer.hikari.HikariConfig           : dataSourceJNDI..................none
2024-12-27T18:09:47.623+05:30 DEBUG 139594 --- [Crud_KR] [           main] com.zaxxer.hikari.HikariConfig           : dataSourceProperties............{password=<masked>}
2024-12-27T18:09:47.623+05:30 DEBUG 139594 --- [Crud_KR] [           main] com.zaxxer.hikari.HikariConfig           : driverClassName................."com.mysql.cj.jdbc.Driver"
2024-12-27T18:09:47.624+05:30 DEBUG 139594 --- [Crud_KR] [           main] com.zaxxer.hikari.HikariConfig           : exceptionOverrideClassName......none
2024-12-27T18:09:47.624+05:30 DEBUG 139594 --- [Crud_KR] [           main] com.zaxxer.hikari.HikariConfig           : healthCheckProperties...........{}
2024-12-27T18:09:47.624+05:30 DEBUG 139594 --- [Crud_KR] [           main] com.zaxxer.hikari.HikariConfig           : healthCheckRegistry.............none
2024-12-27T18:09:47.624+05:30 DEBUG 139594 --- [Crud_KR] [           main] com.zaxxer.hikari.HikariConfig           : idleTimeout.....................600000
2024-12-27T18:09:47.624+05:30 DEBUG 139594 --- [Crud_KR] [           main] com.zaxxer.hikari.HikariConfig           : initializationFailTimeout.......1
2024-12-27T18:09:47.624+05:30 DEBUG 139594 --- [Crud_KR] [           main] com.zaxxer.hikari.HikariConfig           : isolateInternalQueries..........false
2024-12-27T18:09:47.624+05:30 DEBUG 139594 --- [Crud_KR] [           main] com.zaxxer.hikari.HikariConfig           : jdbcUrl.........................jdbc:mysql://localhost:3306/Customer
2024-12-27T18:09:47.624+05:30 DEBUG 139594 --- [Crud_KR] [           main] com.zaxxer.hikari.HikariConfig           : keepaliveTime...................0
2024-12-27T18:09:47.624+05:30 DEBUG 139594 --- [Crud_KR] [           main] com.zaxxer.hikari.HikariConfig           : leakDetectionThreshold..........0
2024-12-27T18:09:47.624+05:30 DEBUG 139594 --- [Crud_KR] [           main] com.zaxxer.hikari.HikariConfig           : maxLifetime.....................1800000
2024-12-27T18:09:47.624+05:30 DEBUG 139594 --- [Crud_KR] [           main] com.zaxxer.hikari.HikariConfig           : maximumPoolSize.................10
2024-12-27T18:09:47.625+05:30 DEBUG 139594 --- [Crud_KR] [           main] com.zaxxer.hikari.HikariConfig           : metricRegistry..................none
2024-12-27T18:09:47.625+05:30 DEBUG 139594 --- [Crud_KR] [           main] com.zaxxer.hikari.HikariConfig           : metricsTrackerFactory...........none
2024-12-27T18:09:47.625+05:30 DEBUG 139594 --- [Crud_KR] [           main] com.zaxxer.hikari.HikariConfig           : minimumIdle.....................10
2024-12-27T18:09:47.625+05:30 DEBUG 139594 --- [Crud_KR] [           main] com.zaxxer.hikari.HikariConfig           : password........................<masked>
2024-12-27T18:09:47.625+05:30 DEBUG 139594 --- [Crud_KR] [           main] com.zaxxer.hikari.HikariConfig           : poolName........................"HikariPool-1"
2024-12-27T18:09:47.625+05:30 DEBUG 139594 --- [Crud_KR] [           main] com.zaxxer.hikari.HikariConfig           : readOnly........................false
2024-12-27T18:09:47.625+05:30 DEBUG 139594 --- [Crud_KR] [           main] com.zaxxer.hikari.HikariConfig           : registerMbeans..................false
2024-12-27T18:09:47.625+05:30 DEBUG 139594 --- [Crud_KR] [           main] com.zaxxer.hikari.HikariConfig           : scheduledExecutor...............none
[...]

   RSocketServerAutoConfiguration:
      Did not match:
         - @ConditionalOnClass did not find required class 'io.rsocket.core.RSocketServer' (OnClassCondition)

   RSocketStrategiesAutoConfiguration:
      Did not match:
         - @ConditionalOnClass did not find required class 'io.rsocket.RSocket' (OnClassCondition)

   RabbitAutoConfiguration:
      Did not match:
         - @ConditionalOnClass did not find required class 'com.rabbitmq.client.Channel' (OnClassCondition)

   ReactiveElasticsearchClientAutoConfiguration:
      Did not match:
         - @ConditionalOnClass did not find required class 'co.elastic.clients.transport.ElasticsearchTransport' (OnClassCondition)

   ReactiveElasticsearchRepositoriesAutoConfiguration:
      Did not match:
         - @ConditionalOnClass did not find required class 'org.springframework.data.elasticsearch.client.elc.ReactiveElasticsearchClient' (OnClassCondition)

   ReactiveMultipartAutoConfiguration:
      Did not match:
         - @ConditionalOnClass did not find required class 'org.springframework.web.reactive.config.WebFluxConfigurer' (OnClassCondition)

   ReactiveOAuth2ClientAutoConfiguration:
      Did not match:
         - @ConditionalOnClass did not find required class 'org.springframework.security.config.annotation.web.reactive.EnableWebFluxSecurity' (OnClassCondition)

   ReactiveOAuth2ResourceServerAutoConfiguration:
      Did not match:
         - @ConditionalOnClass did not find required class 'org.springframework.security.config.annotation.web.reactive.EnableWebFluxSecurity' (OnClassCondition)

   ReactiveSecurityAutoConfiguration:
      Did not match:
         - @ConditionalOnClass did not find required class 'org.springframework.security.config.annotation.web.reactive.EnableWebFluxSecurity' (OnClassCondition)

   ReactiveUserDetailsServiceAutoConfiguration:
      Did not match:
         - @ConditionalOnClass did not find required class 'org.springframework.security.authentication.ReactiveAuthenticationManager' (OnClassCondition)

   ReactiveWebServerFactoryAutoConfiguration:
      Did not match:
         - @ConditionalOnWebApplication did not find reactive web application classes (OnWebApplicationCondition)

   RedisAutoConfiguration#redisTemplate:
      Did not match:
         - @ConditionalOnMissingBean (names: redisTemplate; SearchStrategy: all) found beans named redisTemplate (OnBeanCondition)

   RepositoryRestMvcAutoConfiguration:
      Did not match:
         - @ConditionalOnClass did not find required class 'org.springframework.data.rest.webmvc.config.RepositoryRestMvcConfiguration' (OnClassCondition)

   Saml2RelyingPartyAutoConfiguration:
      Did not match:
         - @ConditionalOnClass did not find required class 'org.springframework.security.saml2.provider.service.registration.RelyingPartyRegistrationRepository' (OnClassCondition)

   SecurityAutoConfiguration:
      Did not match:
         - @ConditionalOnClass did not find required class 'org.springframework.security.authentication.DefaultAuthenticationEventPublisher' (OnClassCondition)

   SecurityFilterAutoConfiguration:
      Did not match:
         - @ConditionalOnClass did not find required class 'org.springframework.security.config.http.SessionCreationPolicy' (OnClassCondition)

   SendGridAutoConfiguration:
      Did not match:
         - @ConditionalOnClass did not find required class 'com.sendgrid.SendGrid' (OnClassCondition)

   ServletWebServerFactoryAutoConfiguration.ForwardedHeaderFilterConfiguration:
      Did not match:
         - @ConditionalOnProperty (server.forward-headers-strategy=framework) did not find property 'server.forward-headers-strategy' (OnPropertyCondition)

   ServletWebServerFactoryConfiguration.EmbeddedJetty:
      Did not match:
         - @ConditionalOnClass did not find required classes 'org.eclipse.jetty.server.Server', 'org.eclipse.jetty.util.Loader', 'org.eclipse.jetty.ee10.webapp.WebAppContext' (OnClassCondition)

   ServletWebServerFactoryConfiguration.EmbeddedUndertow:
      Did not match:
         - @ConditionalOnClass did not find required classes 'io.undertow.Undertow', 'org.xnio.SslClientAuthMode' (OnClassCondition)

   SessionAutoConfiguration:
      Did not match:
         - @ConditionalOnClass did not find required class 'org.springframework.session.Session' (OnClassCondition)

   SimpleCacheConfiguration:
      Did not match:
         - @ConditionalOnMissingBean (types: org.springframework.cache.CacheManager; SearchStrategy: all) found beans of type 'org.springframework.cache.CacheManager' cacheManager (OnBeanCondition)
      Matched:
         - Cache org.springframework.boot.autoconfigure.cache.SimpleCacheConfiguration automatic cache type (CacheCondition)

   SpringApplicationAdminJmxAutoConfiguration:
      Did not match:
         - @ConditionalOnProperty (spring.application.admin.enabled=true) did not find property 'enabled' (OnPropertyCondition)

   TaskExecutorConfigurations.SimpleAsyncTaskExecutorBuilderConfiguration#simpleAsyncTaskExecutorBuilderVirtualThreads:
      Did not match:
         - @ConditionalOnMissingBean (types: org.springframework.boot.task.SimpleAsyncTaskExecutorBuilder; SearchStrategy: all) found beans of type 'org.springframework.boot.task.SimpleAsyncTaskExecutorBuilder' simpleAsyncTaskExecutorBuilder (OnBeanCondition)

   TaskExecutorConfigurations.TaskExecutorConfiguration#applicationTaskExecutorVirtualThreads:
      Did not match:
         - @ConditionalOnThreading did not find VIRTUAL (OnThreadingCondition)

   TaskSchedulingAutoConfiguration#scheduledBeanLazyInitializationExcludeFilter:
      Did not match:
         - @ConditionalOnBean (names: org.springframework.context.annotation.internalScheduledAnnotationProcessor; SearchStrategy: all) did not find any beans named org.springframework.context.annotation.internalScheduledAnnotationProcessor (OnBeanCondition)

   TaskSchedulingConfigurations.SimpleAsyncTaskSchedulerBuilderConfiguration#simpleAsyncTaskSchedulerBuilderVirtualThreads:
      Did not match:
         - @ConditionalOnMissingBean (types: org.springframework.boot.task.SimpleAsyncTaskSchedulerBuilder; SearchStrategy: all) found beans of type 'org.springframework.boot.task.SimpleAsyncTaskSchedulerBuilder' simpleAsyncTaskSchedulerBuilder (OnBeanCondition)

   TaskSchedulingConfigurations.TaskSchedulerConfiguration:
      Did not match:
         - @ConditionalOnBean (names: org.springframework.context.annotation.internalScheduledAnnotationProcessor; SearchStrategy: all) did not find any beans named org.springframework.context.annotation.internalScheduledAnnotationProcessor (OnBeanCondition)

   ThymeleafAutoConfiguration:
      Did not match:
         - @ConditionalOnClass did not find required class 'org.thymeleaf.spring6.SpringTemplateEngine' (OnClassCondition)

   TransactionAutoConfiguration#transactionalOperator:
      Did not match:
         - @ConditionalOnSingleCandidate (types: org.springframework.transaction.ReactiveTransactionManager; SearchStrategy: all) did not find any beans (OnBeanCondition)

   TransactionAutoConfiguration.AspectJTransactionManagementConfiguration:
      Did not match:
         - @ConditionalOnBean (types: org.springframework.transaction.aspectj.AbstractTransactionAspect; SearchStrategy: all) did not find any beans of type org.springframework.transaction.aspectj.AbstractTransactionAspect (OnBeanCondition)

   TransactionAutoConfiguration.EnableTransactionManagementConfiguration.JdkDynamicAutoProxyConfiguration:
      Did not match:
         - @ConditionalOnProperty (spring.aop.proxy-target-class=false) did not find property 'proxy-target-class' (OnPropertyCondition)

   UserDetailsServiceAutoConfiguration:
      Did not match:
         - @ConditionalOnClass did not find required class 'org.springframework.security.authentication.AuthenticationManager' (OnClassCondition)

   WebClientAutoConfiguration:
      Did not match:
         - @ConditionalOnClass did not find required class 'org.springframework.web.reactive.function.client.WebClient' (OnClassCondition)

   WebFluxAutoConfiguration:
      Did not match:
         - @ConditionalOnClass did not find required class 'org.springframework.web.reactive.config.WebFluxConfigurer' (OnClassCondition)

   WebMvcAutoConfiguration#hiddenHttpMethodFilter:
      Did not match:
         - @ConditionalOnProperty (spring.mvc.hiddenmethod.filter.enabled) did not find property 'enabled' (OnPropertyCondition)

   WebMvcAutoConfiguration.ProblemDetailsErrorHandlingConfiguration:
      Did not match:
         - @ConditionalOnProperty (spring.mvc.problemdetails.enabled=true) did not find property 'enabled' (OnPropertyCondition)

   WebMvcAutoConfiguration.ResourceChainCustomizerConfiguration:
      Did not match:
         - @ConditionalOnEnabledResourceChain did not find class org.webjars.WebJarVersionLocator (OnEnabledResourceChainCondition)

   WebMvcAutoConfiguration.WebMvcAutoConfigurationAdapter#beanNameViewResolver:
      Did not match:
         - @ConditionalOnMissingBean (types: org.springframework.web.servlet.view.BeanNameViewResolver; SearchStrategy: all) found beans of type 'org.springframework.web.servlet.view.BeanNameViewResolver' beanNameViewResolver (OnBeanCondition)

   WebServiceTemplateAutoConfiguration:
      Did not match:
         - @ConditionalOnClass did not find required class 'org.springframework.ws.client.core.WebServiceTemplate' (OnClassCondition)

   WebServicesAutoConfiguration:
      Did not match:
         - @ConditionalOnClass did not find required class 'org.springframework.ws.transport.http.MessageDispatcherServlet' (OnClassCondition)

   WebSessionIdResolverAutoConfiguration:
      Did not match:
         - @ConditionalOnWebApplication did not find reactive web application classes (OnWebApplicationCondition)

   WebSocketMessagingAutoConfiguration:
      Did not match:
         - @ConditionalOnClass did not find required class 'org.springframework.web.socket.config.annotation.WebSocketMessageBrokerConfigurer' (OnClassCondition)

   WebSocketReactiveAutoConfiguration:
      Did not match:
         - @ConditionalOnWebApplication did not find reactive web application classes (OnWebApplicationCondition)

   WebSocketServletAutoConfiguration.JettyWebSocketConfiguration:
      Did not match:
         - @ConditionalOnClass did not find required class 'org.eclipse.jetty.ee10.websocket.jakarta.server.config.JakartaWebSocketServletContainerInitializer' (OnClassCondition)

   WebSocketServletAutoConfiguration.UndertowWebSocketConfiguration:
      Did not match:
         - @ConditionalOnClass did not find required class 'io.undertow.websockets.jsr.Bootstrap' (OnClassCondition)

   XADataSourceAutoConfiguration:
      Did not match:
         - @ConditionalOnBean (types: org.springframework.boot.jdbc.XADataSourceWrapper; SearchStrategy: all) did not find any beans of type org.springframework.boot.jdbc.XADataSourceWrapper (OnBeanCondition)
      Matched:
         - @ConditionalOnClass found required classes 'javax.sql.DataSource', 'jakarta.transaction.TransactionManager', 'org.springframework.jdbc.datasource.embedded.EmbeddedDatabaseType' (OnClassCondition)


Exclusions:
-----------

    None


Unconditional classes:
----------------------

    org.springframework.boot.autoconfigure.context.ConfigurationPropertiesAutoConfiguration

    org.springframework.boot.autoconfigure.ssl.SslAutoConfiguration

    org.springframework.boot.autoconfigure.context.LifecycleAutoConfiguration

    org.springframework.boot.autoconfigure.context.PropertyPlaceholderAutoConfiguration

    org.springframework.boot.autoconfigure.availability.ApplicationAvailabilityAutoConfiguration

    org.springframework.boot.autoconfigure.info.ProjectInfoAutoConfiguration



2024-12-27T18:09:51.246+05:30  INFO 139594 --- [Crud_KR] [           main] c.e.crud_kr.CrudKrApplicationTests       : Started CrudKrApplicationTests in 6.11 seconds (process running for 6.993)
2024-12-27T18:09:51.247+05:30 DEBUG 139594 --- [Crud_KR] [           main] o.s.b.a.ApplicationAvailabilityBean      : Application availability state LivenessState changed to CORRECT
2024-12-27T18:09:51.250+05:30 DEBUG 139594 --- [Crud_KR] [           main] o.s.b.a.ApplicationAvailabilityBean      : Application availability state ReadinessState changed to ACCEPTING_TRAFFIC
2024-12-27T18:09:51.252+05:30 DEBUG 139594 --- [Crud_KR] [           main] org.springframework.test.context.cache   : Spring test ApplicationContext cache statistics: [DefaultContextCache@196cfaed size = 1, maxSize = 32, parentContextCount = 0, hitCount = 0, missCount = 1, failureCount = 0]
2024-12-27T18:09:51.253+05:30 DEBUG 139594 --- [Crud_KR] [           main] o.s.t.c.w.ServletTestExecutionListener   : Setting up MockHttpServletRequest, MockHttpServletResponse, ServletWebRequest, and RequestContextHolder for test class com.example.crud_kr.CrudKrApplicationTests
2024-12-27T18:09:51.266+05:30 DEBUG 139594 --- [Crud_KR] [           main] DependencyInjectionTestExecutionListener : Performing dependency injection for test class com.example.crud_kr.CrudKrApplicationTests
2024-12-27T18:09:51.266+05:30 DEBUG 139594 --- [Crud_KR] [           main] org.springframework.test.context.cache   : Spring test ApplicationContext cache statistics: [DefaultContextCache@196cfaed size = 1, maxSize = 32, parentContextCount = 0, hitCount = 1, missCount = 1, failureCount = 0]
2024-12-27T18:09:51.268+05:30 DEBUG 139594 --- [Crud_KR] [           main] org.springframework.test.context.cache   : Spring test ApplicationContext cache statistics: [DefaultContextCache@196cfaed size = 1, maxSize = 32, parentContextCount = 0, hitCount = 2, missCount = 1, failureCount = 0]
2024-12-27T18:09:51.274+05:30 DEBUG 139594 --- [Crud_KR] [           main] sContextBeforeModesTestExecutionListener : Before test method: class [CrudKrApplicationTests], method [contextLoads], class annotated with @DirtiesContext [false] with mode [null], method annotated with @DirtiesContext [false] with mode [null]
2024-12-27T18:09:51.276+05:30 DEBUG 139594 --- [Crud_KR] [           main] org.springframework.test.context.cache   : Spring test ApplicationContext cache statistics: [DefaultContextCache@196cfaed size = 1, maxSize = 32, parentContextCount = 0, hitCount = 3, missCount = 1, failureCount = 0]
2024-12-27T18:09:51.277+05:30 DEBUG 139594 --- [Crud_KR] [           main] org.springframework.test.context.cache   : Spring test ApplicationContext cache statistics: [DefaultContextCache@196cfaed size = 1, maxSize = 32, parentContextCount = 0, hitCount = 4, missCount = 1, failureCount = 0]
2024-12-27T18:09:51.703+05:30 DEBUG 139594 --- [Crud_KR] [           main] org.springframework.test.context.cache   : Spring test ApplicationContext cache statistics: [DefaultContextCache@196cfaed size = 1, maxSize = 32, parentContextCount = 0, hitCount = 5, missCount = 1, failureCount = 0]
2024-12-27T18:09:51.708+05:30 DEBUG 139594 --- [Crud_KR] [           main] org.springframework.test.context.cache   : Spring test ApplicationContext cache statistics: [DefaultContextCache@196cfaed size = 1, maxSize = 32, parentContextCount = 0, hitCount = 6, missCount = 1, failureCount = 0]
2024-12-27T18:09:51.714+05:30 DEBUG 139594 --- [Crud_KR] [           main] org.springframework.test.context.cache   : Spring test ApplicationContext cache statistics: [DefaultContextCache@196cfaed size = 1, maxSize = 32, parentContextCount = 0, hitCount = 7, missCount = 1, failureCount = 0]
2024-12-27T18:09:51.715+05:30 DEBUG 139594 --- [Crud_KR] [           main] org.springframework.test.context.cache   : Spring test ApplicationContext cache statistics: [DefaultContextCache@196cfaed size = 1, maxSize = 32, parentContextCount = 0, hitCount = 8, missCount = 1, failureCount = 0]
2024-12-27T18:09:51.716+05:30 DEBUG 139594 --- [Crud_KR] [           main] org.springframework.test.context.cache   : Spring test ApplicationContext cache statistics: [DefaultContextCache@196cfaed size = 1, maxSize = 32, parentContextCount = 0, hitCount = 9, missCount = 1, failureCount = 0]
2024-12-27T18:09:51.717+05:30 DEBUG 139594 --- [Crud_KR] [           main] org.springframework.test.context.cache   : Spring test ApplicationContext cache statistics: [DefaultContextCache@196cfaed size = 1, maxSize = 32, parentContextCount = 0, hitCount = 10, missCount = 1, failureCount = 0]
2024-12-27T18:09:51.717+05:30 DEBUG 139594 --- [Crud_KR] [           main] org.springframework.test.context.cache   : Spring test ApplicationContext cache statistics: [DefaultContextCache@196cfaed size = 1, maxSize = 32, parentContextCount = 0, hitCount = 11, missCount = 1, failureCount = 0]
2024-12-27T18:09:51.719+05:30 DEBUG 139594 --- [Crud_KR] [           main] org.springframework.test.context.cache   : Spring test ApplicationContext cache statistics: [DefaultContextCache@196cfaed size = 1, maxSize = 32, parentContextCount = 0, hitCount = 12, missCount = 1, failureCount = 0]
2024-12-27T18:09:51.720+05:30 DEBUG 139594 --- [Crud_KR] [           main] org.springframework.test.context.cache   : Spring test ApplicationContext cache statistics: [DefaultContextCache@196cfaed size = 1, maxSize = 32, parentContextCount = 0, hitCount = 13, missCount = 1, failureCount = 0]
2024-12-27T18:09:51.721+05:30 DEBUG 139594 --- [Crud_KR] [           main] .c.s.DirtiesContextTestExecutionListener : After test method: class [CrudKrApplicationTests], method [contextLoads], class annotated with @DirtiesContext [false] with mode [null], method annotated with @DirtiesContext [false] with mode [null]
2024-12-27T18:09:51.721+05:30 DEBUG 139594 --- [Crud_KR] [           main] o.s.t.c.w.ServletTestExecutionListener   : Resetting RequestContextHolder for test class com.example.crud_kr.CrudKrApplicationTests
]]></system-out>
    <system-err><![CDATA[Dec 27, 2024 6:09:44 PM org.junit.platform.launcher.core.LauncherConfigurationParameters loadClasspathResource
WARNING: Discovered 3 'junit-platform.properties' configuration files on the classpath (see below); only the first (*) will be used.
- jar:file:/home/anshuman.pandey/.m2/repository/org/apache/kafka/kafka-clients/3.8.1/kafka-clients-3.8.1-test.jar!/junit-platform.properties (*)
- jar:file:/home/anshuman.pandey/.m2/repository/org/apache/kafka/kafka-server-common/3.8.1/kafka-server-common-3.8.1-test.jar!/junit-platform.properties
- jar:file:/home/anshuman.pandey/.m2/repository/org/apache/kafka/kafka_2.13/3.8.1/kafka_2.13-3.8.1-test.jar!/junit-platform.properties
Dec 27, 2024 6:09:44 PM org.junit.platform.launcher.core.LauncherConfigurationParameters loadClasspathResource
WARNING: Discovered 3 'junit-platform.properties' configuration files on the classpath (see below); only the first (*) will be used.
- jar:file:/home/anshuman.pandey/.m2/repository/org/apache/kafka/kafka-clients/3.8.1/kafka-clients-3.8.1-test.jar!/junit-platform.properties (*)
- jar:file:/home/anshuman.pandey/.m2/repository/org/apache/kafka/kafka-server-common/3.8.1/kafka-server-common-3.8.1-test.jar!/junit-platform.properties
- jar:file:/home/anshuman.pandey/.m2/repository/org/apache/kafka/kafka_2.13/3.8.1/kafka_2.13-3.8.1-test.jar!/junit-platform.properties
Dec 27, 2024 6:09:44 PM org.junit.platform.launcher.core.LauncherConfigurationParameters loadClasspathResource
WARNING: Discovered 3 'junit-platform.properties' configuration files on the classpath (see below); only the first (*) will be used.
- jar:file:/home/anshuman.pandey/.m2/repository/org/apache/kafka/kafka-clients/3.8.1/kafka-clients-3.8.1-test.jar!/junit-platform.properties (*)
- jar:file:/home/anshuman.pandey/.m2/repository/org/apache/kafka/kafka-server-common/3.8.1/kafka-server-common-3.8.1-test.jar!/junit-platform.properties
- jar:file:/home/anshuman.pandey/.m2/repository/org/apache/kafka/kafka_2.13/3.8.1/kafka_2.13-3.8.1-test.jar!/junit-platform.properties
]]></system-err>
  </testcase>
</testsuite>